TN:
SF:/home/manan/mezo-rebalance/lib/forge-std/src/Base.sol
DA:10,0
DA:40,0
end_of_record
SF:/home/manan/mezo-rebalance/lib/forge-std/src/Script.sol
DA:27,0
end_of_record
SF:/home/manan/mezo-rebalance/lib/forge-std/src/StdAssertions.sol
DA:8,0
DA:36,0
DA:42,0
DA:43,0
DA:44,0
DA:46,0
DA:66,0
DA:67,0
DA:75,0
DA:76,0
DA:83,0
DA:84,0
DA:92,0
DA:93,0
DA:101,0
DA:102,0
DA:120,0
DA:121,0
DA:130,0
DA:131,0
DA:156,0
DA:157,0
DA:192,0
DA:193,0
DA:202,0
DA:203,0
DA:251,0
DA:694,0
DA:695,0
DA:756,0
DA:757,0
DA:766,0
DA:767,0
DA:828,0
DA:829,0
DA:973,0
FN:42,failed
FNDA:0,failed
FN:51,fail
FNDA:0,fail
FN:58,fail
FNDA:0,fail
FN:65,assertTrue
FNDA:0,assertTrue
FN:74,assertTrue
FNDA:0,assertTrue
FN:82,assertFalse
FNDA:0,assertFalse
FN:91,assertFalse
FNDA:0,assertFalse
FN:100,assertEq
FNDA:0,assertEq
FN:110,assertEq
FNDA:0,assertEq
FN:119,assertEq
FNDA:0,assertEq
FN:129,assertEq
FNDA:0,assertEq
FN:139,assertEqDecimal
FNDA:0,assertEqDecimal
FN:148,assertEqDecimal
FNDA:0,assertEqDecimal
FN:155,assertEq
FNDA:0,assertEq
FN:165,assertEq
FNDA:0,assertEq
FN:175,assertEqDecimal
FNDA:0,assertEqDecimal
FN:184,assertEqDecimal
FNDA:0,assertEqDecimal
FN:191,assertEq
FNDA:0,assertEq
FN:201,assertEq
FNDA:0,assertEq
FN:210,assertEq
FNDA:0,assertEq
FN:220,assertEq
FNDA:0,assertEq
FN:230,assertEq32
FNDA:0,assertEq32
FN:241,assertEq32
FNDA:0,assertEq32
FN:250,assertEq
FNDA:0,assertEq
FN:258,assertEq
FNDA:0,assertEq
FN:265,assertEq
FNDA:0,assertEq
FN:273,assertEq
FNDA:0,assertEq
FN:280,assertEq
FNDA:0,assertEq
FN:288,assertEq
FNDA:0,assertEq
FN:295,assertEq
FNDA:0,assertEq
FN:303,assertEq
FNDA:0,assertEq
FN:310,assertEq
FNDA:0,assertEq
FN:318,assertEq
FNDA:0,assertEq
FN:325,assertEq
FNDA:0,assertEq
FN:333,assertEq
FNDA:0,assertEq
FN:340,assertEq
FNDA:0,assertEq
FN:348,assertEq
FNDA:0,assertEq
FN:355,assertEq
FNDA:0,assertEq
FN:363,assertEq
FNDA:0,assertEq
FN:370,assertEq
FNDA:0,assertEq
FN:378,assertEq
FNDA:0,assertEq
FN:387,assertEqUint
FNDA:0,assertEqUint
FN:394,assertNotEq
FNDA:0,assertNotEq
FN:404,assertNotEq
FNDA:0,assertNotEq
FN:413,assertNotEq
FNDA:0,assertNotEq
FN:423,assertNotEq
FNDA:0,assertNotEq
FN:433,assertNotEqDecimal
FNDA:0,assertNotEqDecimal
FN:442,assertNotEqDecimal
FNDA:0,assertNotEqDecimal
FN:453,assertNotEq
FNDA:0,assertNotEq
FN:463,assertNotEq
FNDA:0,assertNotEq
FN:473,assertNotEqDecimal
FNDA:0,assertNotEqDecimal
FN:482,assertNotEqDecimal
FNDA:0,assertNotEqDecimal
FN:489,assertNotEq
FNDA:0,assertNotEq
FN:499,assertNotEq
FNDA:0,assertNotEq
FN:508,assertNotEq
FNDA:0,assertNotEq
FN:518,assertNotEq
FNDA:0,assertNotEq
FN:528,assertNotEq32
FNDA:0,assertNotEq32
FN:539,assertNotEq32
FNDA:0,assertNotEq32
FN:548,assertNotEq
FNDA:0,assertNotEq
FN:556,assertNotEq
FNDA:0,assertNotEq
FN:563,assertNotEq
FNDA:0,assertNotEq
FN:571,assertNotEq
FNDA:0,assertNotEq
FN:578,assertNotEq
FNDA:0,assertNotEq
FN:586,assertNotEq
FNDA:0,assertNotEq
FN:593,assertNotEq
FNDA:0,assertNotEq
FN:601,assertNotEq
FNDA:0,assertNotEq
FN:608,assertNotEq
FNDA:0,assertNotEq
FN:616,assertNotEq
FNDA:0,assertNotEq
FN:623,assertNotEq
FNDA:0,assertNotEq
FN:631,assertNotEq
FNDA:0,assertNotEq
FN:638,assertNotEq
FNDA:0,assertNotEq
FN:646,assertNotEq
FNDA:0,assertNotEq
FN:653,assertNotEq
FNDA:0,assertNotEq
FN:661,assertNotEq
FNDA:0,assertNotEq
FN:668,assertNotEq
FNDA:0,assertNotEq
FN:676,assertNotEq
FNDA:0,assertNotEq
FN:683,assertLt
FNDA:0,assertLt
FN:693,assertLt
FNDA:0,assertLt
FN:703,assertLtDecimal
FNDA:0,assertLtDecimal
FN:712,assertLtDecimal
FNDA:0,assertLtDecimal
FN:719,assertLt
FNDA:0,assertLt
FN:729,assertLt
FNDA:0,assertLt
FN:739,assertLtDecimal
FNDA:0,assertLtDecimal
FN:748,assertLtDecimal
FNDA:0,assertLtDecimal
FN:755,assertGt
FNDA:0,assertGt
FN:765,assertGt
FNDA:0,assertGt
FN:775,assertGtDecimal
FNDA:0,assertGtDecimal
FN:784,assertGtDecimal
FNDA:0,assertGtDecimal
FN:791,assertGt
FNDA:0,assertGt
FN:801,assertGt
FNDA:0,assertGt
FN:811,assertGtDecimal
FNDA:0,assertGtDecimal
FN:820,assertGtDecimal
FNDA:0,assertGtDecimal
FN:827,assertLe
FNDA:0,assertLe
FN:837,assertLe
FNDA:0,assertLe
FN:847,assertLeDecimal
FNDA:0,assertLeDecimal
FN:856,assertLeDecimal
FNDA:0,assertLeDecimal
FN:863,assertLe
FNDA:0,assertLe
FN:873,assertLe
FNDA:0,assertLe
FN:883,assertLeDecimal
FNDA:0,assertLeDecimal
FN:892,assertLeDecimal
FNDA:0,assertLeDecimal
FN:899,assertGe
FNDA:0,assertGe
FN:909,assertGe
FNDA:0,assertGe
FN:919,assertGeDecimal
FNDA:0,assertGeDecimal
FN:928,assertGeDecimal
FNDA:0,assertGeDecimal
FN:935,assertGe
FNDA:0,assertGe
FN:945,assertGe
FNDA:0,assertGe
FN:955,assertGeDecimal
FNDA:0,assertGeDecimal
FN:964,assertGeDecimal
FNDA:0,assertGeDecimal
FN:972,assertApproxEqAbs
FNDA:0,assertApproxEqAbs
FN:981,assertApproxEqAbs
FNDA:0,assertApproxEqAbs
FN:990,assertApproxEqAbsDecimal
FNDA:0,assertApproxEqAbsDecimal
FN:1004,assertApproxEqAbsDecimal
FNDA:0,assertApproxEqAbsDecimal
FN:1018,assertApproxEqAbs
FNDA:0,assertApproxEqAbs
FN:1027,assertApproxEqAbs
FNDA:0,assertApproxEqAbs
FN:1036,assertApproxEqAbsDecimal
FNDA:0,assertApproxEqAbsDecimal
FN:1050,assertApproxEqAbsDecimal
FNDA:0,assertApproxEqAbsDecimal
FN:1062,assertApproxEqRel
FNDA:0,assertApproxEqRel
FN:1079,assertApproxEqRel
FNDA:0,assertApproxEqRel
FN:1097,assertApproxEqRelDecimal
FNDA:0,assertApproxEqRelDecimal
FN:1116,assertApproxEqRelDecimal
FNDA:0,assertApproxEqRelDecimal
FN:1130,assertApproxEqRel
FNDA:0,assertApproxEqRel
FN:1139,assertApproxEqRel
FNDA:0,assertApproxEqRel
FN:1157,assertApproxEqRelDecimal
FNDA:0,assertApproxEqRelDecimal
FN:1176,assertApproxEqRelDecimal
FNDA:0,assertApproxEqRelDecimal
FN:1192,checkEq0
FNDA:0,checkEq0
FN:1200,assertEq0
FNDA:0,assertEq0
FN:1209,assertEq0
FNDA:0,assertEq0
FN:1217,assertNotEq0
FNDA:0,assertNotEq0
FN:1226,assertNotEq0
FNDA:0,assertNotEq0
FN:1234,assertEqCall
FNDA:0,assertEqCall
FN:1243,assertEqCall
FNDA:0,assertEqCall
FN:1255,assertEqCall
FNDA:0,assertEqCall
FN:1268,assertEqCall
FNDA:0,assertEqCall
end_of_record
SF:/home/manan/mezo-rebalance/lib/forge-std/src/StdChains.sol
DA:66,0
FN:69,getChain
FNDA:0,getChain
FN:82,getChain
FNDA:0,getChain
FN:98,setChain
FNDA:0,setChain
FN:131,setChain
FNDA:0,setChain
FN:135,_toUpper
FNDA:0,_toUpper
FN:151,getChainWithUpdatedRpcUrl
FNDA:0,getChainWithUpdatedRpcUrl
FN:187,setFallbackToDefaultRpcUrls
FNDA:0,setFallbackToDefaultRpcUrls
FN:191,initializeStdChains
FNDA:0,initializeStdChains
FN:303,setChainWithDefaultRpcUrl
FNDA:0,setChainWithDefaultRpcUrl
end_of_record
SF:/home/manan/mezo-rebalance/lib/forge-std/src/StdCheats.sol
DA:8,0
DA:9,0
DA:539,0
DA:540,0
DA:541,0
DA:542,0
DA:546,0
DA:547,0
DA:646,0
FN:207,assumeNotBlacklisted
FNDA:0,assumeNotBlacklisted
FN:231,assumeNoBlacklisted
FNDA:0,assumeNoBlacklisted
FN:235,assumeAddressIsNot
FNDA:0,assumeAddressIsNot
FN:249,assumeAddressIsNot
FNDA:0,assumeAddressIsNot
FN:254,assumeAddressIsNot
FNDA:0,assumeAddressIsNot
FN:265,assumeAddressIsNot
FNDA:0,assumeAddressIsNot
FN:282,_isPayable
FNDA:0,_isPayable
FN:303,assumePayable
FNDA:0,assumePayable
FN:307,assumeNotPayable
FNDA:0,assumeNotPayable
FN:311,assumeNotZeroAddress
FNDA:0,assumeNotZeroAddress
FN:315,assumeNotPrecompile
FNDA:0,assumeNotPrecompile
FN:319,assumeNotPrecompile
FNDA:0,assumeNotPrecompile
FN:342,assumeNotForgeAddress
FNDA:0,assumeNotForgeAddress
FN:350,assumeUnusedAddress
FNDA:0,assumeUnusedAddress
FN:362,readEIP1559ScriptArtifact
FNDA:0,readEIP1559ScriptArtifact
FN:382,rawToConvertedEIPTx1559s
FNDA:0,rawToConvertedEIPTx1559s
FN:390,rawToConvertedEIPTx1559
FNDA:0,rawToConvertedEIPTx1559
FN:402,rawToConvertedEIP1559Detail
FNDA:0,rawToConvertedEIP1559Detail
FN:420,readTx1559s
FNDA:0,readTx1559s
FN:427,readTx1559
FNDA:0,readTx1559
FN:436,readReceipts
FNDA:0,readReceipts
FN:443,readReceipt
FNDA:0,readReceipt
FN:451,rawToConvertedReceipts
FNDA:0,rawToConvertedReceipts
FN:459,rawToConvertedReceipt
FNDA:0,rawToConvertedReceipt
FN:477,rawToConvertedReceiptLogs
FNDA:0,rawToConvertedReceiptLogs
FN:501,deployCode
FNDA:0,deployCode
FN:510,deployCode
FNDA:0,deployCode
FN:520,deployCode
FNDA:0,deployCode
FN:529,deployCode
FNDA:0,deployCode
FN:539,makeAddrAndKey
FNDA:0,makeAddrAndKey
FN:546,makeAddr
FNDA:0,makeAddr
FN:554,destroyAccount
FNDA:0,destroyAccount
FN:565,makeAccount
FNDA:0,makeAccount
FN:569,deriveRememberKey
FNDA:0,deriveRememberKey
FN:578,_bytesToUint
FNDA:0,_bytesToUint
FN:583,isFork
FNDA:0,isFork
FN:626,_viewChainId
FNDA:0,_viewChainId
FN:635,_pureChainId
FNDA:0,_pureChainId
FN:654,skip
FNDA:0,skip
FN:658,rewind
FNDA:0,rewind
FN:663,hoax
FNDA:0,hoax
FN:668,hoax
FNDA:0,hoax
FN:673,hoax
FNDA:0,hoax
FN:678,hoax
FNDA:0,hoax
FN:684,startHoax
FNDA:0,startHoax
FN:689,startHoax
FNDA:0,startHoax
FN:696,startHoax
FNDA:0,startHoax
FN:701,startHoax
FNDA:0,startHoax
FN:706,changePrank
FNDA:0,changePrank
FN:712,changePrank
FNDA:0,changePrank
FN:718,expectAndMockCall
FNDA:0,expectAndMockCall
FN:723,expectAndMockCall
FNDA:0,expectAndMockCall
FN:731,expectAndMockCall
FNDA:0,expectAndMockCall
FN:739,expectAndMockCall
FNDA:0,expectAndMockCall
FN:750,expectAndMockCall
FNDA:0,expectAndMockCall
FN:758,expectAndMockCall
FNDA:0,expectAndMockCall
FN:772,deal
FNDA:0,deal
FN:778,deal
FNDA:0,deal
FN:784,dealERC1155
FNDA:0,dealERC1155
FN:788,deal
FNDA:0,deal
FN:809,dealERC1155
FNDA:0,dealERC1155
FN:834,dealERC721
FNDA:0,dealERC721
FN:856,deployCodeTo
FNDA:0,deployCodeTo
FN:860,deployCodeTo
FNDA:0,deployCodeTo
FN:864,deployCodeTo
FNDA:0,deployCodeTo
FN:873,console2_log_StdCheats
FNDA:0,console2_log_StdCheats
end_of_record
SF:/home/manan/mezo-rebalance/lib/forge-std/src/StdConstants.sol
DA:7,28
end_of_record
SF:/home/manan/mezo-rebalance/lib/forge-std/src/StdError.sol
DA:6,1
DA:8,158
DA:11,133
DA:14,38
DA:17,41
DA:20,88
DA:23,108
DA:26,47
DA:29,31
DA:32,19
end_of_record
SF:/home/manan/mezo-rebalance/lib/forge-std/src/StdInvariant.sol
DA:5,0
DA:104,0
DA:105,0
DA:110,0
DA:111,0
DA:116,0
DA:117,0
DA:122,0
DA:123,0
DA:128,0
DA:129,0
DA:134,0
DA:135,0
DA:140,0
DA:141,0
DA:146,0
DA:147,0
DA:152,0
DA:153,0
DA:158,0
DA:159,0
FN:41,excludeContract
FNDA:0,excludeContract
FN:47,excludeSelector
FNDA:0,excludeSelector
FN:53,excludeSender
FNDA:0,excludeSender
FN:59,excludeArtifact
FNDA:0,excludeArtifact
FN:65,targetArtifact
FNDA:0,targetArtifact
FN:71,targetArtifactSelector
FNDA:0,targetArtifactSelector
FN:77,targetContract
FNDA:0,targetContract
FN:83,targetSelector
FNDA:0,targetSelector
FN:89,targetSender
FNDA:0,targetSender
FN:95,targetInterface
FNDA:0,targetInterface
FN:104,excludeArtifacts
FNDA:0,excludeArtifacts
FN:110,excludeContracts
FNDA:0,excludeContracts
FN:116,excludeSelectors
FNDA:0,excludeSelectors
FN:122,excludeSenders
FNDA:0,excludeSenders
FN:128,targetArtifacts
FNDA:0,targetArtifacts
FN:134,targetArtifactSelectors
FNDA:0,targetArtifactSelectors
FN:140,targetContracts
FNDA:0,targetContracts
FN:146,targetSelectors
FNDA:0,targetSelectors
FN:152,targetSenders
FNDA:0,targetSenders
FN:158,targetInterfaces
FNDA:0,targetInterfaces
end_of_record
SF:/home/manan/mezo-rebalance/lib/forge-std/src/StdJson.sol
DA:23,28
FN:26,keyExists
FNDA:0,keyExists
FN:30,parseRaw
FNDA:0,parseRaw
FN:34,readUint
FNDA:0,readUint
FN:38,readUintArray
FNDA:0,readUintArray
FN:42,readInt
FNDA:0,readInt
FN:46,readIntArray
FNDA:0,readIntArray
FN:50,readBytes32
FNDA:0,readBytes32
FN:54,readBytes32Array
FNDA:0,readBytes32Array
FN:58,readString
FNDA:0,readString
FN:62,readStringArray
FNDA:0,readStringArray
FN:66,readAddress
FNDA:0,readAddress
FN:70,readAddressArray
FNDA:0,readAddressArray
FN:74,readBool
FNDA:0,readBool
FN:78,readBoolArray
FNDA:0,readBoolArray
FN:82,readBytes
FNDA:0,readBytes
FN:86,readBytesArray
FNDA:0,readBytesArray
FN:90,readUintOr
FNDA:0,readUintOr
FN:94,readUintArrayOr
FNDA:0,readUintArrayOr
FN:102,readIntOr
FNDA:0,readIntOr
FN:106,readIntArrayOr
FNDA:0,readIntArrayOr
FN:114,readBytes32Or
FNDA:0,readBytes32Or
FN:122,readBytes32ArrayOr
FNDA:0,readBytes32ArrayOr
FN:130,readStringOr
FNDA:0,readStringOr
FN:138,readStringArrayOr
FNDA:0,readStringArrayOr
FN:146,readAddressOr
FNDA:0,readAddressOr
FN:154,readAddressArrayOr
FNDA:0,readAddressArrayOr
FN:162,readBoolOr
FNDA:0,readBoolOr
FN:166,readBoolArrayOr
FNDA:0,readBoolArrayOr
FN:174,readBytesOr
FNDA:0,readBytesOr
FN:182,readBytesArrayOr
FNDA:0,readBytesArrayOr
FN:190,serialize
FNDA:0,serialize
FN:194,serialize
FNDA:0,serialize
FN:198,serialize
FNDA:0,serialize
FN:202,serialize
FNDA:0,serialize
FN:206,serialize
FNDA:0,serialize
FN:213,serialize
FNDA:0,serialize
FN:217,serialize
FNDA:0,serialize
FN:224,serialize
FNDA:0,serialize
FN:228,serialize
FNDA:0,serialize
FN:235,serialize
FNDA:0,serialize
FN:239,serialize
FNDA:0,serialize
FN:246,serialize
FNDA:0,serialize
FN:250,serialize
FNDA:0,serialize
FN:257,serialize
FNDA:0,serialize
FN:261,serialize
FNDA:0,serialize
FN:268,write
FNDA:0,write
FN:272,write
FNDA:0,write
end_of_record
SF:/home/manan/mezo-rebalance/lib/forge-std/src/StdMath.sol
DA:5,28
FN:11,abs
FNDA:0,abs
FN:24,delta
FNDA:0,delta
FN:32,delta
FNDA:0,delta
FN:47,percentDelta
FNDA:0,percentDelta
FN:59,percentDelta
FNDA:0,percentDelta
end_of_record
SF:/home/manan/mezo-rebalance/lib/forge-std/src/StdStorage.sol
DA:24,28
DA:338,28
FN:31,sigs
FNDA:0,sigs
FN:35,getCallParams
FNDA:0,getCallParams
FN:44,callTarget
FNDA:0,callTarget
FN:55,checkSlotMutatesCall
FNDA:0,checkSlotMutatesCall
FN:71,findOffset
FNDA:0,findOffset
FN:85,findOffsets
FNDA:0,findOffsets
FN:96,find
FNDA:0,find
FN:106,find
FNDA:0,find
FN:172,target
FNDA:0,target
FN:177,sig
FNDA:0,sig
FN:182,sig
FNDA:0,sig
FN:187,with_calldata
FNDA:0,with_calldata
FN:192,with_key
FNDA:0,with_key
FN:197,with_key
FNDA:0,with_key
FN:202,with_key
FNDA:0,with_key
FN:207,enable_packed_slots
FNDA:0,enable_packed_slots
FN:212,depth
FNDA:0,depth
FN:217,read
FNDA:0,read
FN:225,read_bytes32
FNDA:0,read_bytes32
FN:229,read_bool
FNDA:0,read_bool
FN:236,read_address
FNDA:0,read_address
FN:240,read_uint
FNDA:0,read_uint
FN:244,read_int
FNDA:0,read_int
FN:248,parent
FNDA:0,parent
FN:262,root
FNDA:0,root
FN:283,bytesToBytes32
FNDA:0,bytesToBytes32
FN:297,flatten
FNDA:0,flatten
FN:309,clear
FNDA:0,clear
FN:320,getMaskByOffsets
FNDA:0,getMaskByOffsets
FN:329,getUpdatedSlotValue
FNDA:0,getUpdatedSlotValue
FN:341,sigs
FNDA:0,sigs
FN:345,find
FNDA:0,find
FN:349,find
FNDA:0,find
FN:353,target
FNDA:0,target
FN:357,sig
FNDA:0,sig
FN:361,sig
FNDA:0,sig
FN:365,with_key
FNDA:0,with_key
FN:369,with_key
FNDA:0,with_key
FN:373,with_key
FNDA:0,with_key
FN:377,with_calldata
FNDA:0,with_calldata
FN:381,enable_packed_slots
FNDA:0,enable_packed_slots
FN:385,depth
FNDA:0,depth
FN:389,clear
FNDA:0,clear
FN:393,checked_write
FNDA:0,checked_write
FN:397,checked_write
FNDA:0,checked_write
FN:401,checked_write_int
FNDA:0,checked_write_int
FN:405,checked_write
FNDA:0,checked_write
FN:413,checked_write
FNDA:0,checked_write
FN:449,read_bytes32
FNDA:0,read_bytes32
FN:453,read_bool
FNDA:0,read_bool
FN:457,read_address
FNDA:0,read_address
FN:461,read_uint
FNDA:0,read_uint
FN:465,read_int
FNDA:0,read_int
FN:469,parent
FNDA:0,parent
FN:473,root
FNDA:0,root
end_of_record
SF:/home/manan/mezo-rebalance/lib/forge-std/src/StdStyle.sol
DA:6,28
FN:22,styleConcat
FNDA:0,styleConcat
FN:26,red
FNDA:0,red
FN:30,red
FNDA:0,red
FN:34,red
FNDA:0,red
FN:38,red
FNDA:0,red
FN:42,red
FNDA:0,red
FN:46,redBytes
FNDA:0,redBytes
FN:50,redBytes32
FNDA:0,redBytes32
FN:54,green
FNDA:0,green
FN:58,green
FNDA:0,green
FN:62,green
FNDA:0,green
FN:66,green
FNDA:0,green
FN:70,green
FNDA:0,green
FN:74,greenBytes
FNDA:0,greenBytes
FN:78,greenBytes32
FNDA:0,greenBytes32
FN:82,yellow
FNDA:0,yellow
FN:86,yellow
FNDA:0,yellow
FN:90,yellow
FNDA:0,yellow
FN:94,yellow
FNDA:0,yellow
FN:98,yellow
FNDA:0,yellow
FN:102,yellowBytes
FNDA:0,yellowBytes
FN:106,yellowBytes32
FNDA:0,yellowBytes32
FN:110,blue
FNDA:0,blue
FN:114,blue
FNDA:0,blue
FN:118,blue
FNDA:0,blue
FN:122,blue
FNDA:0,blue
FN:126,blue
FNDA:0,blue
FN:130,blueBytes
FNDA:0,blueBytes
FN:134,blueBytes32
FNDA:0,blueBytes32
FN:138,magenta
FNDA:0,magenta
FN:142,magenta
FNDA:0,magenta
FN:146,magenta
FNDA:0,magenta
FN:150,magenta
FNDA:0,magenta
FN:154,magenta
FNDA:0,magenta
FN:158,magentaBytes
FNDA:0,magentaBytes
FN:162,magentaBytes32
FNDA:0,magentaBytes32
FN:166,cyan
FNDA:0,cyan
FN:170,cyan
FNDA:0,cyan
FN:174,cyan
FNDA:0,cyan
FN:178,cyan
FNDA:0,cyan
FN:182,cyan
FNDA:0,cyan
FN:186,cyanBytes
FNDA:0,cyanBytes
FN:190,cyanBytes32
FNDA:0,cyanBytes32
FN:194,bold
FNDA:0,bold
FN:198,bold
FNDA:0,bold
FN:202,bold
FNDA:0,bold
FN:206,bold
FNDA:0,bold
FN:210,bold
FNDA:0,bold
FN:214,boldBytes
FNDA:0,boldBytes
FN:218,boldBytes32
FNDA:0,boldBytes32
FN:222,dim
FNDA:0,dim
FN:226,dim
FNDA:0,dim
FN:230,dim
FNDA:0,dim
FN:234,dim
FNDA:0,dim
FN:238,dim
FNDA:0,dim
FN:242,dimBytes
FNDA:0,dimBytes
FN:246,dimBytes32
FNDA:0,dimBytes32
FN:250,italic
FNDA:0,italic
FN:254,italic
FNDA:0,italic
FN:258,italic
FNDA:0,italic
FN:262,italic
FNDA:0,italic
FN:266,italic
FNDA:0,italic
FN:270,italicBytes
FNDA:0,italicBytes
FN:274,italicBytes32
FNDA:0,italicBytes32
FN:278,underline
FNDA:0,underline
FN:282,underline
FNDA:0,underline
FN:286,underline
FNDA:0,underline
FN:290,underline
FNDA:0,underline
FN:294,underline
FNDA:0,underline
FN:298,underlineBytes
FNDA:0,underlineBytes
FN:302,underlineBytes32
FNDA:0,underlineBytes32
FN:306,inverse
FNDA:0,inverse
FN:310,inverse
FNDA:0,inverse
FN:314,inverse
FNDA:0,inverse
FN:318,inverse
FNDA:0,inverse
FN:322,inverse
FNDA:0,inverse
FN:326,inverseBytes
FNDA:0,inverseBytes
FN:330,inverseBytes32
FNDA:0,inverseBytes32
end_of_record
SF:/home/manan/mezo-rebalance/lib/forge-std/src/StdToml.sol
DA:23,28
FN:26,keyExists
FNDA:0,keyExists
FN:30,parseRaw
FNDA:0,parseRaw
FN:34,readUint
FNDA:0,readUint
FN:38,readUintArray
FNDA:0,readUintArray
FN:42,readInt
FNDA:0,readInt
FN:46,readIntArray
FNDA:0,readIntArray
FN:50,readBytes32
FNDA:0,readBytes32
FN:54,readBytes32Array
FNDA:0,readBytes32Array
FN:58,readString
FNDA:0,readString
FN:62,readStringArray
FNDA:0,readStringArray
FN:66,readAddress
FNDA:0,readAddress
FN:70,readAddressArray
FNDA:0,readAddressArray
FN:74,readBool
FNDA:0,readBool
FN:78,readBoolArray
FNDA:0,readBoolArray
FN:82,readBytes
FNDA:0,readBytes
FN:86,readBytesArray
FNDA:0,readBytesArray
FN:90,readUintOr
FNDA:0,readUintOr
FN:94,readUintArrayOr
FNDA:0,readUintArrayOr
FN:102,readIntOr
FNDA:0,readIntOr
FN:106,readIntArrayOr
FNDA:0,readIntArrayOr
FN:114,readBytes32Or
FNDA:0,readBytes32Or
FN:122,readBytes32ArrayOr
FNDA:0,readBytes32ArrayOr
FN:130,readStringOr
FNDA:0,readStringOr
FN:138,readStringArrayOr
FNDA:0,readStringArrayOr
FN:146,readAddressOr
FNDA:0,readAddressOr
FN:154,readAddressArrayOr
FNDA:0,readAddressArrayOr
FN:162,readBoolOr
FNDA:0,readBoolOr
FN:166,readBoolArrayOr
FNDA:0,readBoolArrayOr
FN:174,readBytesOr
FNDA:0,readBytesOr
FN:182,readBytesArrayOr
FNDA:0,readBytesArrayOr
FN:190,serialize
FNDA:0,serialize
FN:194,serialize
FNDA:0,serialize
FN:198,serialize
FNDA:0,serialize
FN:202,serialize
FNDA:0,serialize
FN:206,serialize
FNDA:0,serialize
FN:213,serialize
FNDA:0,serialize
FN:217,serialize
FNDA:0,serialize
FN:224,serialize
FNDA:0,serialize
FN:228,serialize
FNDA:0,serialize
FN:235,serialize
FNDA:0,serialize
FN:239,serialize
FNDA:0,serialize
FN:246,serialize
FNDA:0,serialize
FN:250,serialize
FNDA:0,serialize
FN:257,serialize
FNDA:0,serialize
FN:261,serialize
FNDA:0,serialize
FN:268,write
FNDA:0,write
FN:272,write
FNDA:0,write
end_of_record
SF:/home/manan/mezo-rebalance/lib/forge-std/src/StdUtils.sol
DA:8,0
FN:26,_bound
FNDA:0,_bound
FN:53,bound
FNDA:0,bound
FN:57,_bound
FNDA:0,_bound
FN:77,bound
FNDA:0,bound
FN:81,boundPrivateKey
FNDA:0,boundPrivateKey
FN:85,bytesToUint
FNDA:0,bytesToUint
FN:91,computeCreateAddress
FNDA:0,computeCreateAddress
FN:96,computeCreate2Address
FNDA:0,computeCreate2Address
FN:107,computeCreate2Address
FNDA:0,computeCreate2Address
FN:114,hashInitCode
FNDA:0,hashInitCode
FN:121,hashInitCode
FNDA:0,hashInitCode
FN:126,getTokenBalances
FNDA:0,getTokenBalances
FN:159,addressFromLast20Bytes
FNDA:0,addressFromLast20Bytes
FN:166,_castLogPayloadViewToPure
FNDA:0,_castLogPayloadViewToPure
FN:176,_sendLogPayload
FNDA:0,_sendLogPayload
FN:180,_sendLogPayloadView
FNDA:0,_sendLogPayloadView
FN:189,console2_log_StdUtils
FNDA:0,console2_log_StdUtils
FN:193,console2_log_StdUtils
FNDA:0,console2_log_StdUtils
FN:197,console2_log_StdUtils
FNDA:0,console2_log_StdUtils
end_of_record
SF:/home/manan/mezo-rebalance/lib/forge-std/src/Test.sol
DA:31,0
end_of_record
SF:/home/manan/mezo-rebalance/lib/forge-std/src/Vm.sol
end_of_record
SF:/home/manan/mezo-rebalance/lib/forge-std/src/console.sol
DA:4,28
DA:5,0
DA:8,0
DA:9,0
DA:17,0
DA:19,0
DA:25,0
DA:193,0
DA:221,0
DA:237,0
FN:7,_sendLogPayloadImplementation
FNDA:0,_sendLogPayloadImplementation
FN:14,_castToPure
FNDA:0,_castToPure
FN:24,_sendLogPayload
FNDA:0,_sendLogPayload
FN:28,log
FNDA:0,log
FN:32,logInt
FNDA:0,logInt
FN:36,logUint
FNDA:0,logUint
FN:40,logString
FNDA:0,logString
FN:44,logBool
FNDA:0,logBool
FN:48,logAddress
FNDA:0,logAddress
FN:52,logBytes
FNDA:0,logBytes
FN:56,logBytes1
FNDA:0,logBytes1
FN:60,logBytes2
FNDA:0,logBytes2
FN:64,logBytes3
FNDA:0,logBytes3
FN:68,logBytes4
FNDA:0,logBytes4
FN:72,logBytes5
FNDA:0,logBytes5
FN:76,logBytes6
FNDA:0,logBytes6
FN:80,logBytes7
FNDA:0,logBytes7
FN:84,logBytes8
FNDA:0,logBytes8
FN:88,logBytes9
FNDA:0,logBytes9
FN:92,logBytes10
FNDA:0,logBytes10
FN:96,logBytes11
FNDA:0,logBytes11
FN:100,logBytes12
FNDA:0,logBytes12
FN:104,logBytes13
FNDA:0,logBytes13
FN:108,logBytes14
FNDA:0,logBytes14
FN:112,logBytes15
FNDA:0,logBytes15
FN:116,logBytes16
FNDA:0,logBytes16
FN:120,logBytes17
FNDA:0,logBytes17
FN:124,logBytes18
FNDA:0,logBytes18
FN:128,logBytes19
FNDA:0,logBytes19
FN:132,logBytes20
FNDA:0,logBytes20
FN:136,logBytes21
FNDA:0,logBytes21
FN:140,logBytes22
FNDA:0,logBytes22
FN:144,logBytes23
FNDA:0,logBytes23
FN:148,logBytes24
FNDA:0,logBytes24
FN:152,logBytes25
FNDA:0,logBytes25
FN:156,logBytes26
FNDA:0,logBytes26
FN:160,logBytes27
FNDA:0,logBytes27
FN:164,logBytes28
FNDA:0,logBytes28
FN:168,logBytes29
FNDA:0,logBytes29
FN:172,logBytes30
FNDA:0,logBytes30
FN:176,logBytes31
FNDA:0,logBytes31
FN:180,logBytes32
FNDA:0,logBytes32
FN:184,log
FNDA:0,log
FN:188,log
FNDA:0,log
FN:192,log
FNDA:0,log
FN:196,log
FNDA:0,log
FN:200,log
FNDA:0,log
FN:204,log
FNDA:0,log
FN:208,log
FNDA:0,log
FN:212,log
FNDA:0,log
FN:216,log
FNDA:0,log
FN:220,log
FNDA:0,log
FN:224,log
FNDA:0,log
FN:228,log
FNDA:0,log
FN:232,log
FNDA:0,log
FN:236,log
FNDA:0,log
FN:240,log
FNDA:0,log
FN:244,log
FNDA:0,log
FN:248,log
FNDA:0,log
FN:252,log
FNDA:0,log
FN:256,log
FNDA:0,log
FN:260,log
FNDA:0,log
FN:264,log
FNDA:0,log
FN:268,log
FNDA:0,log
FN:272,log
FNDA:0,log
FN:276,log
FNDA:0,log
FN:280,log
FNDA:0,log
FN:284,log
FNDA:0,log
FN:288,log
FNDA:0,log
FN:292,log
FNDA:0,log
FN:296,log
FNDA:0,log
FN:300,log
FNDA:0,log
FN:304,log
FNDA:0,log
FN:308,log
FNDA:0,log
FN:312,log
FNDA:0,log
FN:316,log
FNDA:0,log
FN:320,log
FNDA:0,log
FN:324,log
FNDA:0,log
FN:328,log
FNDA:0,log
FN:332,log
FNDA:0,log
FN:336,log
FNDA:0,log
FN:340,log
FNDA:0,log
FN:344,log
FNDA:0,log
FN:348,log
FNDA:0,log
FN:352,log
FNDA:0,log
FN:356,log
FNDA:0,log
FN:360,log
FNDA:0,log
FN:364,log
FNDA:0,log
FN:368,log
FNDA:0,log
FN:372,log
FNDA:0,log
FN:376,log
FNDA:0,log
FN:380,log
FNDA:0,log
FN:384,log
FNDA:0,log
FN:388,log
FNDA:0,log
FN:392,log
FNDA:0,log
FN:396,log
FNDA:0,log
FN:400,log
FNDA:0,log
FN:404,log
FNDA:0,log
FN:408,log
FNDA:0,log
FN:412,log
FNDA:0,log
FN:416,log
FNDA:0,log
FN:420,log
FNDA:0,log
FN:424,log
FNDA:0,log
FN:428,log
FNDA:0,log
FN:432,log
FNDA:0,log
FN:436,log
FNDA:0,log
FN:440,log
FNDA:0,log
FN:444,log
FNDA:0,log
FN:448,log
FNDA:0,log
FN:452,log
FNDA:0,log
FN:456,log
FNDA:0,log
FN:460,log
FNDA:0,log
FN:464,log
FNDA:0,log
FN:468,log
FNDA:0,log
FN:472,log
FNDA:0,log
FN:476,log
FNDA:0,log
FN:480,log
FNDA:0,log
FN:484,log
FNDA:0,log
FN:488,log
FNDA:0,log
FN:492,log
FNDA:0,log
FN:496,log
FNDA:0,log
FN:500,log
FNDA:0,log
FN:504,log
FNDA:0,log
FN:508,log
FNDA:0,log
FN:512,log
FNDA:0,log
FN:516,log
FNDA:0,log
FN:520,log
FNDA:0,log
FN:524,log
FNDA:0,log
FN:528,log
FNDA:0,log
FN:532,log
FNDA:0,log
FN:536,log
FNDA:0,log
FN:540,log
FNDA:0,log
FN:544,log
FNDA:0,log
FN:548,log
FNDA:0,log
FN:552,log
FNDA:0,log
FN:556,log
FNDA:0,log
FN:560,log
FNDA:0,log
FN:564,log
FNDA:0,log
FN:568,log
FNDA:0,log
FN:572,log
FNDA:0,log
FN:576,log
FNDA:0,log
FN:580,log
FNDA:0,log
FN:584,log
FNDA:0,log
FN:588,log
FNDA:0,log
FN:592,log
FNDA:0,log
FN:596,log
FNDA:0,log
FN:600,log
FNDA:0,log
FN:604,log
FNDA:0,log
FN:608,log
FNDA:0,log
FN:612,log
FNDA:0,log
FN:616,log
FNDA:0,log
FN:620,log
FNDA:0,log
FN:624,log
FNDA:0,log
FN:628,log
FNDA:0,log
FN:632,log
FNDA:0,log
FN:636,log
FNDA:0,log
FN:640,log
FNDA:0,log
FN:644,log
FNDA:0,log
FN:648,log
FNDA:0,log
FN:652,log
FNDA:0,log
FN:656,log
FNDA:0,log
FN:660,log
FNDA:0,log
FN:664,log
FNDA:0,log
FN:668,log
FNDA:0,log
FN:672,log
FNDA:0,log
FN:676,log
FNDA:0,log
FN:680,log
FNDA:0,log
FN:684,log
FNDA:0,log
FN:688,log
FNDA:0,log
FN:692,log
FNDA:0,log
FN:696,log
FNDA:0,log
FN:700,log
FNDA:0,log
FN:704,log
FNDA:0,log
FN:708,log
FNDA:0,log
FN:712,log
FNDA:0,log
FN:716,log
FNDA:0,log
FN:720,log
FNDA:0,log
FN:724,log
FNDA:0,log
FN:728,log
FNDA:0,log
FN:732,log
FNDA:0,log
FN:736,log
FNDA:0,log
FN:740,log
FNDA:0,log
FN:744,log
FNDA:0,log
FN:748,log
FNDA:0,log
FN:752,log
FNDA:0,log
FN:756,log
FNDA:0,log
FN:760,log
FNDA:0,log
FN:764,log
FNDA:0,log
FN:768,log
FNDA:0,log
FN:772,log
FNDA:0,log
FN:776,log
FNDA:0,log
FN:780,log
FNDA:0,log
FN:784,log
FNDA:0,log
FN:788,log
FNDA:0,log
FN:792,log
FNDA:0,log
FN:796,log
FNDA:0,log
FN:800,log
FNDA:0,log
FN:804,log
FNDA:0,log
FN:808,log
FNDA:0,log
FN:812,log
FNDA:0,log
FN:816,log
FNDA:0,log
FN:820,log
FNDA:0,log
FN:824,log
FNDA:0,log
FN:828,log
FNDA:0,log
FN:832,log
FNDA:0,log
FN:836,log
FNDA:0,log
FN:840,log
FNDA:0,log
FN:844,log
FNDA:0,log
FN:848,log
FNDA:0,log
FN:852,log
FNDA:0,log
FN:856,log
FNDA:0,log
FN:860,log
FNDA:0,log
FN:864,log
FNDA:0,log
FN:868,log
FNDA:0,log
FN:872,log
FNDA:0,log
FN:876,log
FNDA:0,log
FN:880,log
FNDA:0,log
FN:884,log
FNDA:0,log
FN:888,log
FNDA:0,log
FN:892,log
FNDA:0,log
FN:896,log
FNDA:0,log
FN:900,log
FNDA:0,log
FN:904,log
FNDA:0,log
FN:908,log
FNDA:0,log
FN:912,log
FNDA:0,log
FN:916,log
FNDA:0,log
FN:920,log
FNDA:0,log
FN:924,log
FNDA:0,log
FN:928,log
FNDA:0,log
FN:932,log
FNDA:0,log
FN:936,log
FNDA:0,log
FN:940,log
FNDA:0,log
FN:944,log
FNDA:0,log
FN:948,log
FNDA:0,log
FN:952,log
FNDA:0,log
FN:956,log
FNDA:0,log
FN:960,log
FNDA:0,log
FN:964,log
FNDA:0,log
FN:968,log
FNDA:0,log
FN:972,log
FNDA:0,log
FN:976,log
FNDA:0,log
FN:980,log
FNDA:0,log
FN:984,log
FNDA:0,log
FN:988,log
FNDA:0,log
FN:992,log
FNDA:0,log
FN:996,log
FNDA:0,log
FN:1000,log
FNDA:0,log
FN:1004,log
FNDA:0,log
FN:1008,log
FNDA:0,log
FN:1012,log
FNDA:0,log
FN:1016,log
FNDA:0,log
FN:1020,log
FNDA:0,log
FN:1024,log
FNDA:0,log
FN:1028,log
FNDA:0,log
FN:1032,log
FNDA:0,log
FN:1036,log
FNDA:0,log
FN:1040,log
FNDA:0,log
FN:1044,log
FNDA:0,log
FN:1048,log
FNDA:0,log
FN:1052,log
FNDA:0,log
FN:1056,log
FNDA:0,log
FN:1060,log
FNDA:0,log
FN:1064,log
FNDA:0,log
FN:1068,log
FNDA:0,log
FN:1072,log
FNDA:0,log
FN:1076,log
FNDA:0,log
FN:1080,log
FNDA:0,log
FN:1084,log
FNDA:0,log
FN:1088,log
FNDA:0,log
FN:1092,log
FNDA:0,log
FN:1096,log
FNDA:0,log
FN:1100,log
FNDA:0,log
FN:1104,log
FNDA:0,log
FN:1108,log
FNDA:0,log
FN:1112,log
FNDA:0,log
FN:1116,log
FNDA:0,log
FN:1120,log
FNDA:0,log
FN:1124,log
FNDA:0,log
FN:1128,log
FNDA:0,log
FN:1132,log
FNDA:0,log
FN:1136,log
FNDA:0,log
FN:1140,log
FNDA:0,log
FN:1144,log
FNDA:0,log
FN:1148,log
FNDA:0,log
FN:1152,log
FNDA:0,log
FN:1156,log
FNDA:0,log
FN:1160,log
FNDA:0,log
FN:1164,log
FNDA:0,log
FN:1168,log
FNDA:0,log
FN:1172,log
FNDA:0,log
FN:1176,log
FNDA:0,log
FN:1180,log
FNDA:0,log
FN:1184,log
FNDA:0,log
FN:1188,log
FNDA:0,log
FN:1192,log
FNDA:0,log
FN:1196,log
FNDA:0,log
FN:1200,log
FNDA:0,log
FN:1204,log
FNDA:0,log
FN:1208,log
FNDA:0,log
FN:1212,log
FNDA:0,log
FN:1216,log
FNDA:0,log
FN:1220,log
FNDA:0,log
FN:1224,log
FNDA:0,log
FN:1228,log
FNDA:0,log
FN:1232,log
FNDA:0,log
FN:1236,log
FNDA:0,log
FN:1240,log
FNDA:0,log
FN:1244,log
FNDA:0,log
FN:1248,log
FNDA:0,log
FN:1252,log
FNDA:0,log
FN:1256,log
FNDA:0,log
FN:1260,log
FNDA:0,log
FN:1264,log
FNDA:0,log
FN:1268,log
FNDA:0,log
FN:1272,log
FNDA:0,log
FN:1276,log
FNDA:0,log
FN:1280,log
FNDA:0,log
FN:1284,log
FNDA:0,log
FN:1288,log
FNDA:0,log
FN:1292,log
FNDA:0,log
FN:1296,log
FNDA:0,log
FN:1300,log
FNDA:0,log
FN:1304,log
FNDA:0,log
FN:1308,log
FNDA:0,log
FN:1312,log
FNDA:0,log
FN:1316,log
FNDA:0,log
FN:1320,log
FNDA:0,log
FN:1324,log
FNDA:0,log
FN:1328,log
FNDA:0,log
FN:1332,log
FNDA:0,log
FN:1336,log
FNDA:0,log
FN:1340,log
FNDA:0,log
FN:1344,log
FNDA:0,log
FN:1348,log
FNDA:0,log
FN:1352,log
FNDA:0,log
FN:1356,log
FNDA:0,log
FN:1360,log
FNDA:0,log
FN:1364,log
FNDA:0,log
FN:1368,log
FNDA:0,log
FN:1372,log
FNDA:0,log
FN:1376,log
FNDA:0,log
FN:1380,log
FNDA:0,log
FN:1384,log
FNDA:0,log
FN:1388,log
FNDA:0,log
FN:1392,log
FNDA:0,log
FN:1396,log
FNDA:0,log
FN:1400,log
FNDA:0,log
FN:1404,log
FNDA:0,log
FN:1408,log
FNDA:0,log
FN:1412,log
FNDA:0,log
FN:1416,log
FNDA:0,log
FN:1420,log
FNDA:0,log
FN:1424,log
FNDA:0,log
FN:1428,log
FNDA:0,log
FN:1432,log
FNDA:0,log
FN:1436,log
FNDA:0,log
FN:1440,log
FNDA:0,log
FN:1444,log
FNDA:0,log
FN:1448,log
FNDA:0,log
FN:1452,log
FNDA:0,log
FN:1456,log
FNDA:0,log
FN:1460,log
FNDA:0,log
FN:1464,log
FNDA:0,log
FN:1468,log
FNDA:0,log
FN:1472,log
FNDA:0,log
FN:1476,log
FNDA:0,log
FN:1480,log
FNDA:0,log
FN:1484,log
FNDA:0,log
FN:1488,log
FNDA:0,log
FN:1492,log
FNDA:0,log
FN:1496,log
FNDA:0,log
FN:1500,log
FNDA:0,log
FN:1504,log
FNDA:0,log
FN:1508,log
FNDA:0,log
FN:1512,log
FNDA:0,log
FN:1516,log
FNDA:0,log
FN:1520,log
FNDA:0,log
FN:1524,log
FNDA:0,log
FN:1528,log
FNDA:0,log
FN:1532,log
FNDA:0,log
FN:1536,log
FNDA:0,log
FN:1540,log
FNDA:0,log
FN:1544,log
FNDA:0,log
FN:1548,log
FNDA:0,log
FN:1552,table
FNDA:0,table
FN:1556,table
FNDA:0,table
FN:1560,table
FNDA:0,table
FN:1564,table
FNDA:0,table
FN:1568,table
FNDA:0,table
FN:1572,table
FNDA:0,table
FN:1576,table
FNDA:0,table
FN:1580,table
FNDA:0,table
FN:1584,table
FNDA:0,table
FN:1588,table
FNDA:0,table
FN:1592,table
FNDA:0,table
FN:1596,table
FNDA:0,table
end_of_record
SF:/home/manan/mezo-rebalance/lib/forge-std/src/console2.sol
end_of_record
SF:/home/manan/mezo-rebalance/lib/forge-std/src/interfaces/IMulticall3.sol
end_of_record
SF:/home/manan/mezo-rebalance/lib/forge-std/src/safeconsole.sol
DA:6,28
FN:11,_sendLogPayload
FNDA:0,_sendLogPayload
FN:20,_sendLogPayloadView
FNDA:0,_sendLogPayloadView
FN:26,_memcopy
FNDA:0,_memcopy
FN:35,_memcopyView
FNDA:0,_memcopyView
FN:41,logMemory
FNDA:0,logMemory
FN:90,log
FNDA:0,log
FN:107,log
FNDA:0,log
FN:124,log
FNDA:0,log
FN:141,log
FNDA:0,log
FN:172,log
FNDA:0,log
FN:193,log
FNDA:0,log
FN:214,log
FNDA:0,log
FN:235,log
FNDA:0,log
FN:270,log
FNDA:0,log
FN:291,log
FNDA:0,log
FN:312,log
FNDA:0,log
FN:333,log
FNDA:0,log
FN:368,log
FNDA:0,log
FN:389,log
FNDA:0,log
FN:410,log
FNDA:0,log
FN:431,log
FNDA:0,log
FN:466,log
FNDA:0,log
FN:501,log
FNDA:0,log
FN:536,log
FNDA:0,log
FN:571,log
FNDA:0,log
FN:613,log
FNDA:0,log
FN:638,log
FNDA:0,log
FN:663,log
FNDA:0,log
FN:688,log
FNDA:0,log
FN:727,log
FNDA:0,log
FN:752,log
FNDA:0,log
FN:777,log
FNDA:0,log
FN:802,log
FNDA:0,log
FN:841,log
FNDA:0,log
FN:866,log
FNDA:0,log
FN:891,log
FNDA:0,log
FN:916,log
FNDA:0,log
FN:955,log
FNDA:0,log
FN:994,log
FNDA:0,log
FN:1033,log
FNDA:0,log
FN:1072,log
FNDA:0,log
FN:1118,log
FNDA:0,log
FN:1143,log
FNDA:0,log
FN:1168,log
FNDA:0,log
FN:1193,log
FNDA:0,log
FN:1232,log
FNDA:0,log
FN:1257,log
FNDA:0,log
FN:1282,log
FNDA:0,log
FN:1307,log
FNDA:0,log
FN:1346,log
FNDA:0,log
FN:1371,log
FNDA:0,log
FN:1396,log
FNDA:0,log
FN:1421,log
FNDA:0,log
FN:1460,log
FNDA:0,log
FN:1499,log
FNDA:0,log
FN:1538,log
FNDA:0,log
FN:1577,log
FNDA:0,log
FN:1623,log
FNDA:0,log
FN:1648,log
FNDA:0,log
FN:1673,log
FNDA:0,log
FN:1698,log
FNDA:0,log
FN:1737,log
FNDA:0,log
FN:1762,log
FNDA:0,log
FN:1787,log
FNDA:0,log
FN:1812,log
FNDA:0,log
FN:1851,log
FNDA:0,log
FN:1876,log
FNDA:0,log
FN:1901,log
FNDA:0,log
FN:1926,log
FNDA:0,log
FN:1965,log
FNDA:0,log
FN:2004,log
FNDA:0,log
FN:2043,log
FNDA:0,log
FN:2082,log
FNDA:0,log
FN:2128,log
FNDA:0,log
FN:2167,log
FNDA:0,log
FN:2206,log
FNDA:0,log
FN:2245,log
FNDA:0,log
FN:2291,log
FNDA:0,log
FN:2330,log
FNDA:0,log
FN:2369,log
FNDA:0,log
FN:2408,log
FNDA:0,log
FN:2454,log
FNDA:0,log
FN:2493,log
FNDA:0,log
FN:2532,log
FNDA:0,log
FN:2571,log
FNDA:0,log
FN:2617,log
FNDA:0,log
FN:2663,log
FNDA:0,log
FN:2709,log
FNDA:0,log
FN:2755,log
FNDA:0,log
FN:2808,log
FNDA:0,log
FN:2837,log
FNDA:0,log
FN:2866,log
FNDA:0,log
FN:2895,log
FNDA:0,log
FN:2938,log
FNDA:0,log
FN:2967,log
FNDA:0,log
FN:2996,log
FNDA:0,log
FN:3025,log
FNDA:0,log
FN:3068,log
FNDA:0,log
FN:3097,log
FNDA:0,log
FN:3126,log
FNDA:0,log
FN:3155,log
FNDA:0,log
FN:3198,log
FNDA:0,log
FN:3241,log
FNDA:0,log
FN:3284,log
FNDA:0,log
FN:3327,log
FNDA:0,log
FN:3377,log
FNDA:0,log
FN:3406,log
FNDA:0,log
FN:3435,log
FNDA:0,log
FN:3464,log
FNDA:0,log
FN:3507,log
FNDA:0,log
FN:3536,log
FNDA:0,log
FN:3565,log
FNDA:0,log
FN:3594,log
FNDA:0,log
FN:3637,log
FNDA:0,log
FN:3666,log
FNDA:0,log
FN:3695,log
FNDA:0,log
FN:3724,log
FNDA:0,log
FN:3767,log
FNDA:0,log
FN:3810,log
FNDA:0,log
FN:3853,log
FNDA:0,log
FN:3896,log
FNDA:0,log
FN:3946,log
FNDA:0,log
FN:3975,log
FNDA:0,log
FN:4004,log
FNDA:0,log
FN:4033,log
FNDA:0,log
FN:4076,log
FNDA:0,log
FN:4105,log
FNDA:0,log
FN:4134,log
FNDA:0,log
FN:4163,log
FNDA:0,log
FN:4206,log
FNDA:0,log
FN:4235,log
FNDA:0,log
FN:4264,log
FNDA:0,log
FN:4293,log
FNDA:0,log
FN:4336,log
FNDA:0,log
FN:4379,log
FNDA:0,log
FN:4422,log
FNDA:0,log
FN:4465,log
FNDA:0,log
FN:4515,log
FNDA:0,log
FN:4558,log
FNDA:0,log
FN:4601,log
FNDA:0,log
FN:4644,log
FNDA:0,log
FN:4694,log
FNDA:0,log
FN:4737,log
FNDA:0,log
FN:4780,log
FNDA:0,log
FN:4823,log
FNDA:0,log
FN:4873,log
FNDA:0,log
FN:4916,log
FNDA:0,log
FN:4959,log
FNDA:0,log
FN:5002,log
FNDA:0,log
FN:5052,log
FNDA:0,log
FN:5102,log
FNDA:0,log
FN:5152,log
FNDA:0,log
FN:5202,log
FNDA:0,log
FN:5259,log
FNDA:0,log
FN:5288,log
FNDA:0,log
FN:5317,log
FNDA:0,log
FN:5346,log
FNDA:0,log
FN:5389,log
FNDA:0,log
FN:5418,log
FNDA:0,log
FN:5447,log
FNDA:0,log
FN:5476,log
FNDA:0,log
FN:5519,log
FNDA:0,log
FN:5548,log
FNDA:0,log
FN:5577,log
FNDA:0,log
FN:5606,log
FNDA:0,log
FN:5649,log
FNDA:0,log
FN:5692,log
FNDA:0,log
FN:5735,log
FNDA:0,log
FN:5778,log
FNDA:0,log
FN:5828,log
FNDA:0,log
FN:5857,log
FNDA:0,log
FN:5886,log
FNDA:0,log
FN:5915,log
FNDA:0,log
FN:5958,log
FNDA:0,log
FN:5987,log
FNDA:0,log
FN:6016,log
FNDA:0,log
FN:6045,log
FNDA:0,log
FN:6088,log
FNDA:0,log
FN:6117,log
FNDA:0,log
FN:6146,log
FNDA:0,log
FN:6175,log
FNDA:0,log
FN:6218,log
FNDA:0,log
FN:6261,log
FNDA:0,log
FN:6304,log
FNDA:0,log
FN:6347,log
FNDA:0,log
FN:6397,log
FNDA:0,log
FN:6426,log
FNDA:0,log
FN:6455,log
FNDA:0,log
FN:6484,log
FNDA:0,log
FN:6527,log
FNDA:0,log
FN:6556,log
FNDA:0,log
FN:6585,log
FNDA:0,log
FN:6614,log
FNDA:0,log
FN:6657,log
FNDA:0,log
FN:6686,log
FNDA:0,log
FN:6715,log
FNDA:0,log
FN:6744,log
FNDA:0,log
FN:6787,log
FNDA:0,log
FN:6830,log
FNDA:0,log
FN:6873,log
FNDA:0,log
FN:6916,log
FNDA:0,log
FN:6966,log
FNDA:0,log
FN:7009,log
FNDA:0,log
FN:7052,log
FNDA:0,log
FN:7095,log
FNDA:0,log
FN:7145,log
FNDA:0,log
FN:7188,log
FNDA:0,log
FN:7231,log
FNDA:0,log
FN:7274,log
FNDA:0,log
FN:7324,log
FNDA:0,log
FN:7367,log
FNDA:0,log
FN:7410,log
FNDA:0,log
FN:7453,log
FNDA:0,log
FN:7503,log
FNDA:0,log
FN:7553,log
FNDA:0,log
FN:7603,log
FNDA:0,log
FN:7653,log
FNDA:0,log
FN:7710,log
FNDA:0,log
FN:7739,log
FNDA:0,log
FN:7768,log
FNDA:0,log
FN:7797,log
FNDA:0,log
FN:7840,log
FNDA:0,log
FN:7869,log
FNDA:0,log
FN:7898,log
FNDA:0,log
FN:7927,log
FNDA:0,log
FN:7970,log
FNDA:0,log
FN:7999,log
FNDA:0,log
FN:8028,log
FNDA:0,log
FN:8057,log
FNDA:0,log
FN:8100,log
FNDA:0,log
FN:8143,log
FNDA:0,log
FN:8186,log
FNDA:0,log
FN:8229,log
FNDA:0,log
FN:8279,log
FNDA:0,log
FN:8308,log
FNDA:0,log
FN:8337,log
FNDA:0,log
FN:8366,log
FNDA:0,log
FN:8409,log
FNDA:0,log
FN:8438,log
FNDA:0,log
FN:8467,log
FNDA:0,log
FN:8496,log
FNDA:0,log
FN:8539,log
FNDA:0,log
FN:8568,log
FNDA:0,log
FN:8597,log
FNDA:0,log
FN:8626,log
FNDA:0,log
FN:8669,log
FNDA:0,log
FN:8712,log
FNDA:0,log
FN:8755,log
FNDA:0,log
FN:8798,log
FNDA:0,log
FN:8848,log
FNDA:0,log
FN:8877,log
FNDA:0,log
FN:8906,log
FNDA:0,log
FN:8935,log
FNDA:0,log
FN:8978,log
FNDA:0,log
FN:9007,log
FNDA:0,log
FN:9036,log
FNDA:0,log
FN:9065,log
FNDA:0,log
FN:9108,log
FNDA:0,log
FN:9137,log
FNDA:0,log
FN:9166,log
FNDA:0,log
FN:9195,log
FNDA:0,log
FN:9238,log
FNDA:0,log
FN:9281,log
FNDA:0,log
FN:9324,log
FNDA:0,log
FN:9367,log
FNDA:0,log
FN:9417,log
FNDA:0,log
FN:9460,log
FNDA:0,log
FN:9503,log
FNDA:0,log
FN:9546,log
FNDA:0,log
FN:9596,log
FNDA:0,log
FN:9639,log
FNDA:0,log
FN:9682,log
FNDA:0,log
FN:9725,log
FNDA:0,log
FN:9775,log
FNDA:0,log
FN:9818,log
FNDA:0,log
FN:9861,log
FNDA:0,log
FN:9904,log
FNDA:0,log
FN:9954,log
FNDA:0,log
FN:10004,log
FNDA:0,log
FN:10054,log
FNDA:0,log
FN:10104,log
FNDA:0,log
FN:10161,log
FNDA:0,log
FN:10204,log
FNDA:0,log
FN:10247,log
FNDA:0,log
FN:10290,log
FNDA:0,log
FN:10340,log
FNDA:0,log
FN:10383,log
FNDA:0,log
FN:10426,log
FNDA:0,log
FN:10469,log
FNDA:0,log
FN:10519,log
FNDA:0,log
FN:10562,log
FNDA:0,log
FN:10605,log
FNDA:0,log
FN:10648,log
FNDA:0,log
FN:10698,log
FNDA:0,log
FN:10748,log
FNDA:0,log
FN:10798,log
FNDA:0,log
FN:10848,log
FNDA:0,log
FN:10905,log
FNDA:0,log
FN:10948,log
FNDA:0,log
FN:10991,log
FNDA:0,log
FN:11034,log
FNDA:0,log
FN:11084,log
FNDA:0,log
FN:11127,log
FNDA:0,log
FN:11170,log
FNDA:0,log
FN:11213,log
FNDA:0,log
FN:11263,log
FNDA:0,log
FN:11306,log
FNDA:0,log
FN:11349,log
FNDA:0,log
FN:11392,log
FNDA:0,log
FN:11442,log
FNDA:0,log
FN:11492,log
FNDA:0,log
FN:11542,log
FNDA:0,log
FN:11592,log
FNDA:0,log
FN:11649,log
FNDA:0,log
FN:11692,log
FNDA:0,log
FN:11735,log
FNDA:0,log
FN:11778,log
FNDA:0,log
FN:11828,log
FNDA:0,log
FN:11871,log
FNDA:0,log
FN:11914,log
FNDA:0,log
FN:11957,log
FNDA:0,log
FN:12007,log
FNDA:0,log
FN:12050,log
FNDA:0,log
FN:12093,log
FNDA:0,log
FN:12136,log
FNDA:0,log
FN:12186,log
FNDA:0,log
FN:12236,log
FNDA:0,log
FN:12286,log
FNDA:0,log
FN:12336,log
FNDA:0,log
FN:12393,log
FNDA:0,log
FN:12443,log
FNDA:0,log
FN:12493,log
FNDA:0,log
FN:12543,log
FNDA:0,log
FN:12600,log
FNDA:0,log
FN:12650,log
FNDA:0,log
FN:12700,log
FNDA:0,log
FN:12750,log
FNDA:0,log
FN:12807,log
FNDA:0,log
FN:12857,log
FNDA:0,log
FN:12907,log
FNDA:0,log
FN:12957,log
FNDA:0,log
FN:13014,log
FNDA:0,log
FN:13071,log
FNDA:0,log
FN:13128,log
FNDA:0,log
FN:13185,log
FNDA:0,log
end_of_record
SF:/home/manan/mezo-rebalance/lib/openzeppelin-contracts-upgradeable/contracts/proxy/utils/Initializable.sol
end_of_record
SF:/home/manan/mezo-rebalance/lib/openzeppelin-contracts-upgradeable/contracts/token/ERC20/ERC20Upgradeable.sol
DA:47,533389
DA:58,1
DA:62,1
DA:63,1
DA:64,1
DA:70,0
DA:71,0
DA:72,0
DA:79,0
DA:80,0
DA:81,0
DA:102,303980
DA:103,303980
DA:104,303980
DA:108,147525
DA:109,147525
DA:110,147525
DA:121,3867
DA:122,3867
DA:123,3867
DA:124,3867
DA:128,91
DA:129,91
DA:130,91
DA:143,0
DA:144,0
DA:145,0
DA:146,0
DA:165,0
DA:166,0
DA:167,0
DA:168,0
DA:169,0
DA:183,3867
DA:184,0
DA:186,3867
DA:187,0
DA:189,3867
DA:200,81792
DA:201,81792
DA:203,66591
DA:205,15201
DA:206,15201
DA:207,0
DA:211,15201
DA:215,81792
DA:218,11334
DA:223,70458
DA:227,81792
DA:239,66591
DA:240,0
DA:242,66591
DA:254,11334
DA:255,0
DA:257,11334
DA:276,0
DA:298,0
DA:299,0
DA:300,0
DA:302,0
DA:303,0
DA:305,0
DA:307,0
DA:320,91
DA:321,91
DA:322,91
DA:323,91
DA:326,0
FN:46,_getERC20Storage
FNDA:1,_getERC20Storage
FN:57,__ERC20_init
FNDA:1,__ERC20_init
FN:61,__ERC20_init_unchained
FNDA:1,__ERC20_init_unchained
FN:70,name
FNDA:0,name
FN:79,symbol
FNDA:0,symbol
FN:97,decimals
FNDA:0,decimals
FN:102,totalSupply
FNDA:1,totalSupply
FN:108,balanceOf
FNDA:1,balanceOf
FN:121,transfer
FNDA:1,transfer
FN:128,allowance
FNDA:1,allowance
FN:143,approve
FNDA:0,approve
FN:165,transferFrom
FNDA:0,transferFrom
FN:182,_transfer
FNDA:1,_transfer
FN:199,_update
FNDA:1,_update
FN:238,_mint
FNDA:1,_mint
FN:253,_burn
FNDA:1,_burn
FN:275,_approve
FNDA:0,_approve
FN:297,_approve
FNDA:0,_approve
FN:319,_spendAllowance
FNDA:1,_spendAllowance
end_of_record
SF:/home/manan/mezo-rebalance/lib/openzeppelin-contracts-upgradeable/contracts/token/ERC20/extensions/ERC4626Upgradeable.sol
DA:86,1
DA:115,1
DA:119,1
DA:120,1
DA:121,1
DA:122,1
DA:128,1
DA:129,1
DA:131,1
DA:132,1
DA:134,1
DA:137,1
DA:138,1
DA:139,0
FN:85,_getERC4626Storage
FNDA:1,_getERC4626Storage
FN:114,__ERC4626_init
FNDA:1,__ERC4626_init
FN:118,__ERC4626_init_unchained
FNDA:1,__ERC4626_init_unchained
FN:128,_tryGetAssetDecimals
FNDA:1,_tryGetAssetDecimals
FN:149,decimals
FNDA:0,decimals
FN:155,asset
FNDA:0,asset
FN:161,totalAssets
FNDA:0,totalAssets
FN:166,convertToShares
FNDA:0,convertToShares
FN:171,convertToAssets
FNDA:0,convertToAssets
FN:176,maxDeposit
FNDA:0,maxDeposit
FN:181,maxMint
FNDA:0,maxMint
FN:186,maxWithdraw
FNDA:0,maxWithdraw
FN:191,maxRedeem
FNDA:0,maxRedeem
FN:196,previewDeposit
FNDA:0,previewDeposit
FN:201,previewMint
FNDA:0,previewMint
FN:206,previewWithdraw
FNDA:0,previewWithdraw
FN:211,previewRedeem
FNDA:0,previewRedeem
FN:216,deposit
FNDA:0,deposit
FN:229,mint
FNDA:0,mint
FN:242,withdraw
FNDA:0,withdraw
FN:255,redeem
FNDA:0,redeem
FN:270,_convertToShares
FNDA:0,_convertToShares
FN:277,_convertToAssets
FNDA:0,_convertToAssets
FN:284,_deposit
FNDA:0,_deposit
FN:301,_withdraw
FNDA:0,_withdraw
FN:325,_transferIn
FNDA:0,_transferIn
FN:330,_transferOut
FNDA:0,_transferOut
FN:334,_decimalsOffset
FNDA:0,_decimalsOffset
end_of_record
SF:/home/manan/mezo-rebalance/lib/openzeppelin-contracts-upgradeable/contracts/utils/ContextUpgradeable.sol
DA:23,3867
DA:24,3867
FN:18,__Context_init
FNDA:0,__Context_init
FN:21,__Context_init_unchained
FNDA:0,__Context_init_unchained
FN:23,_msgSender
FNDA:1,_msgSender
FN:27,_msgData
FNDA:0,_msgData
FN:31,_contextSuffixLength
FNDA:0,_contextSuffixLength
end_of_record
SF:/home/manan/mezo-rebalance/lib/openzeppelin-contracts/contracts/access/Ownable.sol
DA:39,1
DA:40,0
DA:42,1
DA:50,0
DA:56,0
DA:57,0
DA:64,0
DA:65,0
DA:77,0
DA:85,0
DA:86,0
DA:88,0
DA:96,1
DA:97,1
DA:98,1
FN:56,owner
FNDA:0,owner
FN:63,_checkOwner
FNDA:0,_checkOwner
FN:76,renounceOwnership
FNDA:0,renounceOwnership
FN:84,transferOwnership
FNDA:0,transferOwnership
FN:95,_transferOwnership
FNDA:1,_transferOwnership
end_of_record
SF:/home/manan/mezo-rebalance/lib/openzeppelin-contracts/contracts/interfaces/IERC1363.sol
end_of_record
SF:/home/manan/mezo-rebalance/lib/openzeppelin-contracts/contracts/interfaces/IERC165.sol
end_of_record
SF:/home/manan/mezo-rebalance/lib/openzeppelin-contracts/contracts/interfaces/IERC1967.sol
end_of_record
SF:/home/manan/mezo-rebalance/lib/openzeppelin-contracts/contracts/interfaces/IERC20.sol
end_of_record
SF:/home/manan/mezo-rebalance/lib/openzeppelin-contracts/contracts/interfaces/IERC4626.sol
end_of_record
SF:/home/manan/mezo-rebalance/lib/openzeppelin-contracts/contracts/interfaces/draft-IERC6093.sol
end_of_record
SF:/home/manan/mezo-rebalance/lib/openzeppelin-contracts/contracts/proxy/ERC1967/ERC1967Utils.sol
DA:15,28
DA:121,1
DA:134,1
DA:135,0
DA:138,1
DA:140,1
DA:141,1
DA:142,0
DA:158,1
DA:159,1
DA:161,1
DA:162,1
DA:173,0
DA:174,0
FN:46,getImplementation
FNDA:0,getImplementation
FN:53,_setImplementation
FNDA:0,_setImplementation
FN:67,upgradeToAndCall
FNDA:0,upgradeToAndCall
FN:92,getAdmin
FNDA:0,getAdmin
FN:99,_setAdmin
FNDA:0,_setAdmin
FN:111,changeAdmin
FNDA:0,changeAdmin
FN:126,getBeacon
FNDA:0,getBeacon
FN:133,_setBeacon
FNDA:1,_setBeacon
FN:157,upgradeBeaconToAndCall
FNDA:1,upgradeBeaconToAndCall
FN:172,_checkNonPayable
FNDA:0,_checkNonPayable
end_of_record
SF:/home/manan/mezo-rebalance/lib/openzeppelin-contracts/contracts/proxy/Proxy.sol
DA:23,423938
DA:59,423938
FN:22,_delegate
FNDA:1,_delegate
FN:51,_implementation
FNDA:0,_implementation
FN:58,_fallback
FNDA:1,_fallback
end_of_record
SF:/home/manan/mezo-rebalance/lib/openzeppelin-contracts/contracts/proxy/beacon/BeaconProxy.sol
DA:40,1
DA:41,1
DA:47,423938
DA:48,423938
DA:54,423938
DA:55,423938
FN:47,_implementation
FNDA:1,_implementation
FN:54,_getBeacon
FNDA:1,_getBeacon
end_of_record
SF:/home/manan/mezo-rebalance/lib/openzeppelin-contracts/contracts/proxy/beacon/IBeacon.sol
end_of_record
SF:/home/manan/mezo-rebalance/lib/openzeppelin-contracts/contracts/proxy/beacon/UpgradeableBeacon.sol
DA:32,1
DA:38,423940
DA:39,423940
DA:53,0
DA:64,1
DA:65,0
DA:67,1
DA:68,1
FN:38,implementation
FNDA:1,implementation
FN:52,upgradeTo
FNDA:0,upgradeTo
FN:63,_setImplementation
FNDA:1,_setImplementation
end_of_record
SF:/home/manan/mezo-rebalance/lib/openzeppelin-contracts/contracts/proxy/utils/Initializable.sol
DA:77,5
DA:106,1
DA:109,1
DA:110,1
DA:117,1
DA:118,1
DA:120,1
DA:121,0
DA:123,1
DA:124,1
DA:125,1
DA:127,1
DA:129,1
DA:130,1
DA:172,1
DA:179,4
DA:180,0
DA:194,1
DA:196,1
DA:197,0
DA:199,1
DA:200,1
DA:201,1
DA:215,4
DA:216,4
DA:224,5
DA:225,5
DA:233,5
FN:178,_checkInitializing
FNDA:1,_checkInitializing
FN:192,_disableInitializers
FNDA:1,_disableInitializers
FN:208,_getInitializedVersion
FNDA:0,_getInitializedVersion
FN:215,_isInitializing
FNDA:1,_isInitializing
FN:224,_initializableStorageSlot
FNDA:1,_initializableStorageSlot
FN:232,_getInitializableStorage
FNDA:1,_getInitializableStorage
end_of_record
SF:/home/manan/mezo-rebalance/lib/openzeppelin-contracts/contracts/token/ERC20/ERC20.sol
DA:45,2
DA:46,2
DA:52,0
DA:53,0
DA:60,0
DA:61,0
DA:82,0
DA:83,0
DA:87,753735
DA:88,753735
DA:99,249270
DA:100,249270
DA:101,249270
DA:102,178521
DA:106,98291
DA:107,98291
DA:120,130
DA:121,130
DA:122,130
DA:123,130
DA:142,98291
DA:143,98291
DA:144,98291
DA:145,98291
DA:146,72225
DA:160,347561
DA:161,0
DA:163,347561
DA:164,0
DA:166,347561
DA:177,347572
DA:179,11
DA:181,347561
DA:182,347561
DA:183,96815
DA:187,250746
DA:191,250757
DA:194,0
DA:199,250757
DA:203,250757
DA:215,11
DA:216,0
DA:218,11
DA:230,0
DA:231,0
DA:233,0
DA:252,130
DA:274,251
DA:275,0
DA:277,251
DA:278,0
DA:280,251
DA:282,130
DA:295,98291
DA:296,501765
DA:297,121
DA:298,0
DA:301,121
FN:52,name
FNDA:0,name
FN:60,symbol
FNDA:0,symbol
FN:77,decimals
FNDA:0,decimals
FN:82,totalSupply
FNDA:0,totalSupply
FN:87,balanceOf
FNDA:1,balanceOf
FN:99,transfer
FNDA:1,transfer
FN:106,allowance
FNDA:1,allowance
FN:120,approve
FNDA:1,approve
FN:142,transferFrom
FNDA:1,transferFrom
FN:159,_transfer
FNDA:1,_transfer
FN:176,_update
FNDA:1,_update
FN:214,_mint
FNDA:1,_mint
FN:229,_burn
FNDA:0,_burn
FN:251,_approve
FNDA:1,_approve
FN:273,_approve
FNDA:1,_approve
FN:294,_spendAllowance
FNDA:1,_spendAllowance
end_of_record
SF:/home/manan/mezo-rebalance/lib/openzeppelin-contracts/contracts/token/ERC20/IERC20.sol
end_of_record
SF:/home/manan/mezo-rebalance/lib/openzeppelin-contracts/contracts/token/ERC20/extensions/IERC20Metadata.sol
end_of_record
SF:/home/manan/mezo-rebalance/lib/openzeppelin-contracts/contracts/token/ERC20/utils/SafeERC20.sol
DA:18,28
DA:34,179450
DA:35,0
DA:44,98170
DA:45,0
DA:106,122
DA:107,0
DA:108,0
DA:176,179450
DA:177,179450
DA:179,179450
DA:218,98170
DA:219,98170
DA:221,98170
DA:255,122
DA:256,122
DA:258,122
FN:33,safeTransfer
FNDA:1,safeTransfer
FN:43,safeTransferFrom
FNDA:1,safeTransferFrom
FN:52,trySafeTransfer
FNDA:0,trySafeTransfer
FN:59,trySafeTransferFrom
FNDA:0,trySafeTransferFrom
FN:72,safeIncreaseAllowance
FNDA:0,safeIncreaseAllowance
FN:86,safeDecreaseAllowance
FNDA:0,safeDecreaseAllowance
FN:105,forceApprove
FNDA:1,forceApprove
FN:119,transferAndCallRelaxed
FNDA:0,transferAndCallRelaxed
FN:134,transferFromAndCallRelaxed
FNDA:0,transferFromAndCallRelaxed
FN:159,approveAndCallRelaxed
FNDA:0,approveAndCallRelaxed
FN:176,_safeTransfer
FNDA:1,_safeTransfer
FN:212,_safeTransferFrom
FNDA:1,_safeTransferFrom
FN:255,_safeApprove
FNDA:1,_safeApprove
end_of_record
SF:/home/manan/mezo-rebalance/lib/openzeppelin-contracts/contracts/utils/Address.sol
DA:12,28
DA:116,1
DA:117,1
DA:118,1
DA:119,1
DA:121,0
DA:122,0
DA:123,0
DA:125,0
FN:34,sendValue
FNDA:0,sendValue
FN:66,functionCall
FNDA:0,functionCall
FN:79,functionCallWithValue
FNDA:0,functionCallWithValue
FN:99,functionStaticCall
FNDA:0,functionStaticCall
FN:116,functionDelegateCall
FNDA:1,functionDelegateCall
FN:136,verifyCallResultFromTarget
FNDA:0,verifyCallResultFromTarget
FN:158,verifyCallResult
FNDA:0,verifyCallResult
end_of_record
SF:/home/manan/mezo-rebalance/lib/openzeppelin-contracts/contracts/utils/Context.sol
DA:17,347691
DA:18,347691
FN:17,_msgSender
FNDA:1,_msgSender
FN:21,_msgData
FNDA:0,_msgData
FN:25,_contextSuffixLength
FNDA:0,_contextSuffixLength
end_of_record
SF:/home/manan/mezo-rebalance/lib/openzeppelin-contracts/contracts/utils/Errors.sol
DA:14,28
end_of_record
SF:/home/manan/mezo-rebalance/lib/openzeppelin-contracts/contracts/utils/LowLevelCall.sol
DA:12,28
DA:65,1
DA:66,1
DA:74,1
DA:75,1
DA:97,1
DA:98,1
DA:104,1
DA:105,1
DA:115,0
FN:14,callNoReturn
FNDA:0,callNoReturn
FN:19,callNoReturn
FNDA:0,callNoReturn
FN:30,callReturn64Bytes
FNDA:0,callReturn64Bytes
FN:38,callReturn64Bytes
FNDA:0,callReturn64Bytes
FN:51,staticcallNoReturn
FNDA:0,staticcallNoReturn
FN:62,staticcallReturn64Bytes
FNDA:1,staticcallReturn64Bytes
FN:74,delegatecallNoReturn
FNDA:1,delegatecallNoReturn
FN:85,delegatecallReturn64Bytes
FNDA:0,delegatecallReturn64Bytes
FN:97,returnDataSize
FNDA:1,returnDataSize
FN:104,returnData
FNDA:1,returnData
FN:114,bubbleRevert
FNDA:0,bubbleRevert
FN:122,bubbleRevert
FNDA:0,bubbleRevert
end_of_record
SF:/home/manan/mezo-rebalance/lib/openzeppelin-contracts/contracts/utils/Memory.sol
DA:20,28
DA:24,1
DA:25,1
DA:40,1
FN:24,getFreeMemoryPointer
FNDA:1,getFreeMemoryPointer
FN:39,unsafeSetFreeMemoryPointer
FNDA:1,unsafeSetFreeMemoryPointer
FN:46,forward
FNDA:0,forward
FN:51,equal
FNDA:0,equal
FN:58,asSlice
FNDA:0,asSlice
FN:65,length
FNDA:0,length
FN:72,slice
FNDA:0,slice
FN:78,slice
FNDA:0,slice
FN:88,load
FNDA:0,load
FN:98,toBytes
FNDA:0,toBytes
FN:110,equal
FNDA:0,equal
FN:121,isReserved
FNDA:0,isReserved
FN:137,_asSlice
FNDA:0,_asSlice
FN:144,_pointer
FNDA:0,_pointer
end_of_record
SF:/home/manan/mezo-rebalance/lib/openzeppelin-contracts/contracts/utils/Panic.sol
DA:26,28
DA:32,13894
DA:34,11629
DA:51,11629
FN:50,panic
FNDA:1,panic
end_of_record
SF:/home/manan/mezo-rebalance/lib/openzeppelin-contracts/contracts/utils/ReentrancyGuardTransient.sol
DA:22,620514
DA:38,49694
DA:56,255925
DA:57,0
DA:66,255925
DA:70,108664
DA:77,255925
DA:78,255925
DA:81,620514
DA:82,620514
FN:55,_nonReentrantBeforeView
FNDA:1,_nonReentrantBeforeView
FN:61,_nonReentrantBefore
FNDA:1,_nonReentrantBefore
FN:69,_nonReentrantAfter
FNDA:1,_nonReentrantAfter
FN:77,_reentrancyGuardEntered
FNDA:1,_reentrancyGuardEntered
FN:81,_reentrancyGuardStorageSlot
FNDA:1,_reentrancyGuardStorageSlot
end_of_record
SF:/home/manan/mezo-rebalance/lib/openzeppelin-contracts/contracts/utils/StorageSlot.sol
DA:34,28
DA:66,1
FN:66,getAddressSlot
FNDA:1,getAddressSlot
FN:75,getBooleanSlot
FNDA:0,getBooleanSlot
FN:84,getBytes32Slot
FNDA:0,getBytes32Slot
FN:93,getUint256Slot
FNDA:0,getUint256Slot
FN:102,getInt256Slot
FNDA:0,getInt256Slot
FN:111,getStringSlot
FNDA:0,getStringSlot
FN:120,getStringSlot
FNDA:0,getStringSlot
FN:129,getBytesSlot
FNDA:0,getBytesSlot
FN:138,getBytesSlot
FNDA:0,getBytesSlot
end_of_record
SF:/home/manan/mezo-rebalance/lib/openzeppelin-contracts/contracts/utils/TransientSlot.sol
DA:33,28
DA:54,620514
DA:55,620514
DA:115,255925
DA:116,255925
DA:125,364589
FN:42,asAddress
FNDA:0,asAddress
FN:54,asBoolean
FNDA:1,asBoolean
FN:66,asBytes32
FNDA:0,asBytes32
FN:78,asUint256
FNDA:0,asUint256
FN:90,asInt256
FNDA:0,asInt256
FN:97,tload
FNDA:0,tload
FN:106,tstore
FNDA:0,tstore
FN:115,tload
FNDA:1,tload
FN:124,tstore
FNDA:1,tstore
FN:133,tload
FNDA:0,tload
FN:142,tstore
FNDA:0,tstore
FN:151,tload
FNDA:0,tload
FN:160,tstore
FNDA:0,tstore
FN:169,tload
FNDA:0,tload
FN:178,tstore
FNDA:0,tstore
end_of_record
SF:/home/manan/mezo-rebalance/lib/openzeppelin-contracts/contracts/utils/introspection/IERC165.sol
end_of_record
SF:/home/manan/mezo-rebalance/lib/openzeppelin-contracts/contracts/utils/math/Math.sol
DA:12,28
DA:37,1108432
DA:41,1108432
DA:143,11629
DA:148,11629
DA:206,1108432
DA:208,1108432
DA:211,1108432
DA:215,1096652
DA:219,11780
DA:220,11629
DA:228,151
DA:229,151
DA:241,151
DA:242,151
DA:254,151
DA:259,151
DA:263,151
DA:264,151
DA:265,151
DA:266,151
DA:267,151
DA:268,151
DA:274,151
DA:275,151
DA:282,555552
DA:283,555552
DA:753,543923
DA:754,543923
FN:25,add512
FNDA:0,add512
FN:37,mul512
FNDA:1,mul512
FN:51,tryAdd
FNDA:0,tryAdd
FN:62,trySub
FNDA:0,trySub
FN:73,tryMul
FNDA:0,tryMul
FN:89,tryDiv
FNDA:0,tryDiv
FN:102,tryMod
FNDA:0,tryMod
FN:115,saturatingAdd
FNDA:0,saturatingAdd
FN:123,saturatingSub
FNDA:0,saturatingSub
FN:131,saturatingMul
FNDA:0,saturatingMul
FN:143,ternary
FNDA:1,ternary
FN:155,max
FNDA:0,max
FN:162,min
FNDA:0,min
FN:170,average
FNDA:0,average
FN:183,ceilDiv
FNDA:0,ceilDiv
FN:206,mulDiv
FNDA:1,mulDiv
FN:282,mulDiv
FNDA:1,mulDiv
FN:289,mulShr
FNDA:0,mulShr
FN:302,mulShr
FNDA:0,mulShr
FN:317,invMod
FNDA:0,invMod
FN:374,invModPrime
FNDA:0,invModPrime
FN:393,modExp
FNDA:0,modExp
FN:411,tryModExp
FNDA:0,tryModExp
FN:440,modExp
FNDA:0,modExp
FN:451,tryModExp
FNDA:0,tryModExp
FN:478,_zeroBytes
FNDA:0,_zeroBytes
FN:499,sqrt
FNDA:0,sqrt
FN:608,sqrt
FNDA:0,sqrt
FN:619,log2
FNDA:0,log2
FN:664,log2
FNDA:0,log2
FN:675,log10
FNDA:0,log10
FN:713,log10
FNDA:0,log10
FN:726,log256
FNDA:0,log256
FN:743,log256
FNDA:0,log256
FN:753,unsignedRoundsUp
FNDA:1,unsignedRoundsUp
FN:760,clz
FNDA:0,clz
end_of_record
SF:/home/manan/mezo-rebalance/lib/openzeppelin-contracts/contracts/utils/math/SafeCast.sol
DA:19,28
DA:1157,555552
DA:1158,555552
FN:50,toUint248
FNDA:0,toUint248
FN:67,toUint240
FNDA:0,toUint240
FN:84,toUint232
FNDA:0,toUint232
FN:101,toUint224
FNDA:0,toUint224
FN:118,toUint216
FNDA:0,toUint216
FN:135,toUint208
FNDA:0,toUint208
FN:152,toUint200
FNDA:0,toUint200
FN:169,toUint192
FNDA:0,toUint192
FN:186,toUint184
FNDA:0,toUint184
FN:203,toUint176
FNDA:0,toUint176
FN:220,toUint168
FNDA:0,toUint168
FN:237,toUint160
FNDA:0,toUint160
FN:254,toUint152
FNDA:0,toUint152
FN:271,toUint144
FNDA:0,toUint144
FN:288,toUint136
FNDA:0,toUint136
FN:305,toUint128
FNDA:0,toUint128
FN:322,toUint120
FNDA:0,toUint120
FN:339,toUint112
FNDA:0,toUint112
FN:356,toUint104
FNDA:0,toUint104
FN:373,toUint96
FNDA:0,toUint96
FN:390,toUint88
FNDA:0,toUint88
FN:407,toUint80
FNDA:0,toUint80
FN:424,toUint72
FNDA:0,toUint72
FN:441,toUint64
FNDA:0,toUint64
FN:458,toUint56
FNDA:0,toUint56
FN:475,toUint48
FNDA:0,toUint48
FN:492,toUint40
FNDA:0,toUint40
FN:509,toUint32
FNDA:0,toUint32
FN:526,toUint24
FNDA:0,toUint24
FN:543,toUint16
FNDA:0,toUint16
FN:560,toUint8
FNDA:0,toUint8
FN:574,toUint256
FNDA:0,toUint256
FN:592,toInt248
FNDA:0,toInt248
FN:610,toInt240
FNDA:0,toInt240
FN:628,toInt232
FNDA:0,toInt232
FN:646,toInt224
FNDA:0,toInt224
FN:664,toInt216
FNDA:0,toInt216
FN:682,toInt208
FNDA:0,toInt208
FN:700,toInt200
FNDA:0,toInt200
FN:718,toInt192
FNDA:0,toInt192
FN:736,toInt184
FNDA:0,toInt184
FN:754,toInt176
FNDA:0,toInt176
FN:772,toInt168
FNDA:0,toInt168
FN:790,toInt160
FNDA:0,toInt160
FN:808,toInt152
FNDA:0,toInt152
FN:826,toInt144
FNDA:0,toInt144
FN:844,toInt136
FNDA:0,toInt136
FN:862,toInt128
FNDA:0,toInt128
FN:880,toInt120
FNDA:0,toInt120
FN:898,toInt112
FNDA:0,toInt112
FN:916,toInt104
FNDA:0,toInt104
FN:934,toInt96
FNDA:0,toInt96
FN:952,toInt88
FNDA:0,toInt88
FN:970,toInt80
FNDA:0,toInt80
FN:988,toInt72
FNDA:0,toInt72
FN:1006,toInt64
FNDA:0,toInt64
FN:1024,toInt56
FNDA:0,toInt56
FN:1042,toInt48
FNDA:0,toInt48
FN:1060,toInt40
FNDA:0,toInt40
FN:1078,toInt32
FNDA:0,toInt32
FN:1096,toInt24
FNDA:0,toInt24
FN:1114,toInt16
FNDA:0,toInt16
FN:1132,toInt8
FNDA:0,toInt8
FN:1146,toInt256
FNDA:0,toInt256
FN:1157,toUint
FNDA:1,toUint
end_of_record
SF:/home/manan/mezo-rebalance/lib/v3-core/contracts/libraries/FixedPoint96.sol
DA:7,28
DA:8,335998
DA:9,335998
end_of_record
SF:/home/manan/mezo-rebalance/lib/v3-core/contracts/libraries/FullMath.sol
DA:7,28
DA:18,671996
DA:24,671996
DA:25,671996
DA:26,671996
DA:33,671996
DA:34,671996
DA:35,671996
DA:38,671996
DA:43,0
DA:51,0
DA:52,0
DA:56,0
DA:64,0
DA:66,0
DA:71,0
DA:77,0
DA:80,0
DA:87,0
DA:91,0
DA:92,0
DA:93,0
DA:94,0
DA:95,0
DA:96,0
DA:104,0
DA:105,0
FN:14,mulDiv
FNDA:1,mulDiv
FN:113,mulDivRoundingUp
FNDA:0,mulDivRoundingUp
end_of_record
SF:/home/manan/mezo-rebalance/lib/v3-core/contracts/libraries/TickMath.sol
DA:7,28
DA:9,1284434
DA:11,1284434
DA:23,1284434
DA:24,1284434
DA:25,1284434
DA:27,1284434
DA:28,1284434
DA:29,1284434
DA:30,1284434
DA:31,1284434
DA:32,1284434
DA:33,1284434
DA:34,1284434
DA:35,1284434
DA:36,1284434
DA:37,1284434
DA:38,1284434
DA:39,1284434
DA:40,1284434
DA:41,1284434
DA:42,1284434
DA:43,1284434
DA:44,1284434
DA:45,1284434
DA:46,1284434
DA:48,1284434
DA:53,1284434
FN:23,getSqrtRatioAtTick
FNDA:1,getSqrtRatioAtTick
FN:61,getTickAtSqrtRatio
FNDA:0,getTickAtSqrtRatio
end_of_record
SF:/home/manan/mezo-rebalance/lib/v3-periphery/contracts/libraries/LiquidityAmounts.sol
DA:9,28
DA:13,0
DA:14,0
DA:27,0
DA:28,0
DA:29,0
DA:30,0
DA:43,0
DA:44,0
DA:45,0
DA:62,0
DA:63,0
DA:65,0
DA:66,0
DA:67,0
DA:68,0
DA:69,0
DA:71,0
DA:73,0
DA:86,335998
DA:87,335998
DA:91,335998
DA:92,335998
DA:94,335998
DA:106,335998
DA:107,335998
DA:109,335998
DA:125,335998
DA:126,335998
DA:128,335998
DA:129,0
DA:130,335998
DA:131,335998
DA:132,335998
DA:134,0
FN:13,toUint128
FNDA:0,toUint128
FN:23,getLiquidityForAmount0
FNDA:0,getLiquidityForAmount0
FN:39,getLiquidityForAmount1
FNDA:0,getLiquidityForAmount1
FN:56,getLiquidityForAmounts
FNDA:0,getLiquidityForAmounts
FN:82,getAmount0ForLiquidity
FNDA:1,getAmount0ForLiquidity
FN:102,getAmount1ForLiquidity
FNDA:1,getAmount1ForLiquidity
FN:120,getAmountsForLiquidity
FNDA:1,getAmountsForLiquidity
end_of_record
SF:/home/manan/mezo-rebalance/script/Deploy.s.sol
DA:17,0
DA:18,0
DA:19,0
DA:21,0
DA:22,0
DA:23,0
DA:26,0
DA:27,0
DA:28,0
DA:29,0
DA:30,0
DA:31,0
DA:32,0
DA:33,0
DA:35,0
DA:37,0
DA:38,0
DA:40,0
DA:41,0
DA:43,0
DA:44,0
DA:47,0
DA:48,0
DA:49,0
DA:50,0
DA:51,0
DA:52,0
DA:54,0
DA:56,0
DA:57,0
DA:58,0
DA:59,0
DA:60,0
DA:61,0
DA:63,0
DA:64,0
DA:66,0
DA:67,0
DA:70,0
DA:71,0
DA:72,0
DA:73,0
DA:74,0
DA:75,0
DA:76,0
DA:79,0
DA:80,0
DA:83,0
DA:84,0
DA:85,0
DA:86,0
DA:87,0
DA:88,0
DA:89,0
DA:92,0
DA:93,0
DA:96,0
DA:97,0
DA:98,0
DA:99,0
DA:100,0
DA:101,0
DA:102,0
DA:105,0
DA:106,0
DA:109,0
DA:112,0
DA:113,0
DA:114,0
DA:115,0
DA:116,0
DA:117,0
DA:118,0
DA:119,0
DA:120,0
DA:121,0
DA:122,0
DA:139,0
DA:140,0
DA:142,0
DA:143,0
DA:144,0
DA:145,0
DA:146,0
DA:147,0
DA:148,0
DA:149,0
DA:152,0
DA:154,0
DA:157,0
DA:159,0
DA:160,0
DA:162,0
DA:163,0
DA:164,0
DA:165,0
DA:167,0
DA:168,0
DA:169,0
DA:170,0
DA:171,0
DA:172,0
DA:173,0
DA:177,0
DA:178,0
DA:180,0
DA:182,0
DA:183,0
DA:184,0
DA:185,0
DA:186,0
DA:188,0
DA:189,0
DA:191,0
FN:25,run
FNDA:0,run
FN:127,_deployVault
FNDA:0,_deployVault
end_of_record
SF:/home/manan/mezo-rebalance/src/RebalancerVaultUpgradeable.sol
DA:47,3
DA:141,2733
DA:142,2733
DA:146,32019
DA:147,32019
DA:151,59174
DA:152,49694
DA:156,32019
DA:157,32019
DA:160,1
DA:166,1
DA:167,1
DA:169,1
DA:171,1
DA:172,1
DA:173,1
DA:174,1
DA:175,1
DA:176,1
DA:177,1
DA:178,1
DA:179,1
DA:181,1
DA:182,1
DA:183,1
DA:184,1
DA:186,1
DA:187,1
DA:188,1
DA:189,1
DA:193,2470192
DA:196,0
DA:197,0
DA:199,0
DA:200,0
DA:202,0
DA:203,0
DA:205,0
DA:206,0
DA:208,0
DA:209,0
DA:211,0
DA:212,0
DA:214,0
DA:215,0
DA:217,0
DA:218,0
DA:220,0
DA:221,0
DA:223,0
DA:224,0
DA:226,0
DA:227,0
DA:229,0
DA:230,0
DA:235,0
DA:237,0
DA:239,0
DA:240,0
DA:242,17316
DA:243,17316
DA:245,0
DA:246,0
DA:248,0
DA:249,0
DA:251,0
DA:252,0
DA:254,0
DA:255,0
DA:257,0
DA:258,0
DA:260,0
DA:261,0
DA:263,0
DA:264,0
DA:266,0
DA:267,0
DA:269,0
DA:270,0
DA:272,0
DA:273,0
DA:275,0
DA:276,0
DA:283,0
DA:285,0
DA:288,0
DA:289,0
DA:292,174471
DA:293,174471
DA:298,18178
DA:299,18178
DA:300,18178
DA:301,18178
DA:302,18178
DA:303,18178
DA:308,70501
DA:309,70501
DA:311,70501
DA:312,0
DA:314,70501
DA:315,70501
DA:317,70501
DA:321,49341
DA:322,49341
DA:327,0
DA:328,0
DA:329,0
DA:330,0
DA:331,0
DA:332,0
DA:335,30354
DA:336,30354
DA:341,30354
DA:342,30354
DA:343,30354
DA:344,30354
DA:345,30354
DA:346,30354
DA:347,30354
DA:352,76055
DA:353,76055
DA:354,70501
DA:359,25084
DA:360,25084
DA:361,367348
DA:362,25084
DA:363,25084
DA:364,25084
DA:365,25084
DA:368,78533
DA:369,78533
DA:374,0
DA:375,0
DA:381,59174
DA:382,49694
DA:383,49409
DA:384,49341
DA:387,49341
DA:388,49341
DA:390,49341
DA:391,49341
DA:393,49341
DA:395,37392
DA:396,1
DA:397,1
DA:398,1
DA:400,37391
DA:402,37391
DA:403,37391
DA:405,37391
DA:409,37392
DA:410,31878
DA:411,31878
DA:418,35855
DA:419,30690
DA:420,30467
DA:421,30354
DA:424,30354
DA:425,30354
DA:427,30354
DA:428,30354
DA:429,30354
DA:431,30354
DA:432,18725
DA:434,18725
DA:436,17682
DA:437,17682
DA:438,17682
DA:448,43390
DA:449,40340
DA:450,40340
DA:451,39989
DA:452,39823
DA:453,39745
DA:456,25084
DA:457,25084
DA:459,25084
DA:461,25023
DA:462,25023
DA:464,25023
DA:465,25023
DA:468,25023
DA:469,25023
DA:470,25023
DA:471,25023
DA:478,6079
DA:479,6079
DA:480,6079
DA:481,6079
DA:483,6079
DA:484,6079
DA:486,6079
DA:487,6079
DA:488,6079
DA:489,1048
DA:491,6079
DA:493,6079
DA:494,6079
DA:495,120
DA:498,120
DA:500,120
DA:501,120
DA:502,120
DA:504,120
DA:505,120
DA:506,120
DA:507,120
DA:509,120
DA:513,6079
DA:514,6079
DA:515,120
DA:517,5959
DA:518,5959
DA:526,44361
DA:527,41950
DA:528,41950
DA:529,41867
DA:530,41606
DA:531,41506
DA:534,25071
DA:536,25041
DA:538,25041
DA:539,25041
DA:541,25041
DA:548,25041
DA:549,25041
DA:550,25041
DA:551,25041
DA:554,5255
DA:555,5255
DA:556,5255
DA:557,5255
DA:560,5255
DA:561,5255
DA:563,5255
DA:564,5255
DA:565,5255
DA:566,5255
DA:569,5255
DA:570,5255
DA:571,5255
DA:572,5255
DA:576,5255
DA:577,5255
DA:578,5255
DA:579,5255
DA:582,5255
DA:583,5255
DA:585,5255
DA:588,5255
DA:589,5255
DA:591,5255
DA:593,5255
DA:594,5255
DA:599,5255
DA:600,5255
DA:602,5255
DA:607,0
DA:608,0
DA:609,0
DA:612,0
DA:614,0
DA:615,0
DA:616,0
DA:617,0
DA:619,0
DA:620,0
DA:621,0
DA:622,0
DA:623,0
DA:630,36367
DA:631,30372
DA:632,30188
DA:635,30104
DA:636,30104
DA:638,30104
DA:639,30104
DA:641,30104
DA:642,30104
DA:643,30104
DA:644,30104
DA:648,17030
DA:649,17030
DA:651,17030
DA:653,17030
DA:654,0
DA:655,0
DA:656,0
DA:658,17030
DA:660,17030
DA:661,17030
DA:663,17030
DA:667,17030
DA:668,17030
DA:669,17030
DA:680,1
DA:681,1
DA:682,1
DA:686,1
DA:687,1
DA:688,1
DA:689,1
DA:690,1
DA:691,1
DA:692,1
DA:693,1
DA:694,1
DA:695,1
DA:696,1
DA:697,1
DA:701,1
DA:702,1
DA:703,1
DA:704,1
DA:716,36213
DA:718,30859
DA:719,30859
DA:723,30859
DA:724,30859
DA:725,30859
DA:726,30859
DA:727,30859
DA:728,30859
DA:740,30859
DA:744,30859
DA:745,30859
DA:746,30859
DA:753,30859
DA:754,30859
DA:756,30859
DA:757,30859
DA:759,30859
DA:760,30859
DA:761,30859
DA:762,6556
DA:771,32019
DA:772,32019
DA:774,32019
DA:776,0
DA:778,0
DA:779,0
DA:782,0
DA:783,0
DA:784,0
DA:789,32019
DA:804,32019
DA:806,32019
DA:807,32019
DA:808,32019
DA:810,32019
DA:811,32019
DA:812,32019
DA:813,32019
DA:814,32019
DA:815,32019
DA:816,32019
DA:820,32019
DA:821,32019
DA:822,32019
DA:823,32019
DA:824,32019
DA:825,32019
DA:838,32019
DA:840,32019
DA:841,32019
DA:845,32019
DA:846,32019
DA:847,32019
DA:848,32019
DA:849,32019
DA:854,0
DA:855,0
DA:857,0
DA:858,0
DA:859,0
DA:860,0
DA:862,32019
DA:869,0
DA:870,0
DA:871,0
DA:873,0
DA:874,0
DA:875,0
DA:878,0
DA:879,0
DA:880,0
DA:881,0
DA:882,0
DA:883,0
DA:884,0
DA:889,0
DA:890,0
DA:891,0
DA:892,0
DA:893,0
DA:894,0
DA:895,0
DA:896,0
DA:897,0
DA:898,0
DA:899,0
DA:900,0
DA:904,0
DA:906,0
DA:907,0
DA:908,0
DA:914,0
DA:915,0
DA:916,0
DA:917,0
DA:918,0
DA:922,0
DA:923,0
DA:924,0
DA:925,0
DA:926,0
DA:930,0
DA:931,0
DA:932,0
DA:936,2239
DA:937,2239
DA:942,0
DA:943,0
DA:944,0
DA:948,0
DA:949,0
DA:950,0
DA:954,0
DA:955,0
DA:956,0
DA:960,0
DA:961,0
DA:962,0
DA:969,2733
DA:970,2733
DA:971,2733
DA:972,2733
DA:973,2733
DA:974,2733
DA:975,2733
DA:979,2601
DA:980,2601
DA:981,2383
DA:982,2383
DA:983,2383
DA:987,0
DA:988,0
DA:989,113
DA:990,0
DA:991,5514
DA:992,0
DA:993,0
DA:997,2395
DA:998,2395
DA:1002,2301
DA:1003,2301
DA:1007,1727
DA:1008,1727
DA:1020,0
DA:1021,0
DA:1027,191973
DA:1029,191973
DA:1030,191973
DA:1031,191973
DA:1035,79695
DA:1036,79695
DA:1039,79695
DA:1040,79695
DA:1041,79695
DA:1042,79695
DA:1048,253916
DA:1049,253916
DA:1050,253916
DA:1051,253916
DA:1053,253916
DA:1055,253915
DA:1056,253915
DA:1066,253915
DA:1069,253915
DA:1070,253915
DA:1071,253915
DA:1072,253915
DA:1074,253915
DA:1075,253915
DA:1078,253916
DA:1079,253915
DA:1081,253915
DA:1083,253915
DA:1084,253915
DA:1093,50064
DA:1094,50064
DA:1095,50064
DA:1097,50064
DA:1100,50064
DA:1102,50064
DA:1105,50064
DA:1106,50064
DA:1107,50064
DA:1108,50064
DA:1109,50064
DA:1110,50064
DA:1111,50064
DA:1124,50064
DA:1125,50064
DA:1126,50064
DA:1127,50064
DA:1128,50064
DA:1131,50064
DA:1133,50064
DA:1137,50064
DA:1138,50064
DA:1139,50064
DA:1140,50064
DA:1141,50064
DA:1142,50064
DA:1147,50064
DA:1148,50064
DA:1149,50064
DA:1162,120
DA:1163,120
DA:1167,120
DA:1168,120
DA:1169,120
DA:1170,120
DA:1171,120
DA:1172,120
DA:1173,120
DA:1174,120
DA:1184,42193
DA:1185,42193
DA:1186,42193
DA:1187,6403
DA:1189,35790
DA:1190,35790
DA:1191,35790
DA:1192,35790
DA:1195,35790
DA:1196,35790
DA:1197,35790
DA:1198,35790
DA:1200,35790
DA:1201,35790
DA:1206,2
DA:1207,2
DA:1208,2
DA:1210,2
DA:1211,0
DA:1229,121
DA:1230,121
DA:1231,121
DA:1240,448940
DA:1241,448940
DA:1242,448940
DA:1243,448940
DA:1244,448940
DA:1245,448940
DA:1246,448940
DA:1249,448940
DA:1250,448940
DA:1255,226005
DA:1256,226005
DA:1257,226005
DA:1258,70749
DA:1262,155256
DA:1268,1
DA:1271,1
DA:1278,112942
DA:1282,112942
DA:1290,112942
DA:1293,112942
DA:1301,0
DA:1307,120
DA:1311,120
DA:1321,0
DA:1322,0
DA:1323,0
DA:1324,0
DA:1326,0
DA:1327,0
DA:1328,0
FN:165,initialize
FNDA:1,initialize
FN:192,_s
FNDA:1,_s
FN:196,owner
FNDA:0,owner
FN:199,pendingOwner
FNDA:0,pendingOwner
FN:202,operator
FNDA:0,operator
FN:205,guardian
FNDA:0,guardian
FN:208,paused
FNDA:0,paused
FN:211,strategy
FNDA:0,strategy
FN:214,dexAdapter
FNDA:0,dexAdapter
FN:217,pool
FNDA:0,pool
FN:220,token0
FNDA:0,token0
FN:223,token1
FNDA:0,token1
FN:226,decimals0
FNDA:0,decimals0
FN:229,decimals1
FNDA:0,decimals1
FN:232,positionManager
FNDA:0,positionManager
FN:239,swapRouter
FNDA:0,swapRouter
FN:242,tokenId
FNDA:1,tokenId
FN:245,performanceFeeBps
FNDA:0,performanceFeeBps
FN:248,feeRecipient
FNDA:0,feeRecipient
FN:251,pendingFeeBps
FNDA:0,pendingFeeBps
FN:254,pendingFeeRecipient
FNDA:0,pendingFeeRecipient
FN:257,feeChangeActiveAt
FNDA:0,feeChangeActiveAt
FN:260,rebalanceCount
FNDA:0,rebalanceCount
FN:263,totalFees0Earned
FNDA:0,totalFees0Earned
FN:266,totalFees1Earned
FNDA:0,totalFees1Earned
FN:269,twapSeconds
FNDA:0,twapSeconds
FN:272,maxTwapDeviationTicks
FNDA:0,maxTwapDeviationTicks
FN:275,slippageBps
FNDA:0,slippageBps
FN:279,decimals
FNDA:0,decimals
FN:288,asset
FNDA:0,asset
FN:292,totalAssets
FNDA:1,totalAssets
FN:296,convertToShares
FNDA:1,convertToShares
FN:306,convertToAssets
FNDA:1,convertToAssets
FN:321,maxDeposit
FNDA:1,maxDeposit
FN:325,previewDeposit
FNDA:0,previewDeposit
FN:335,maxMint
FNDA:1,maxMint
FN:339,previewMint
FNDA:1,previewMint
FN:350,maxWithdraw
FNDA:1,maxWithdraw
FN:357,previewWithdraw
FNDA:1,previewWithdraw
FN:368,maxRedeem
FNDA:1,maxRedeem
FN:372,previewRedeem
FNDA:0,previewRedeem
FN:378,deposit
FNDA:1,deposit
FN:415,mint
FNDA:1,mint
FN:444,withdraw
FNDA:1,withdraw
FN:522,redeem
FNDA:1,redeem
FN:605,previewDepositToken1
FNDA:0,previewDepositToken1
FN:627,depositToken1
FNDA:1,depositToken1
FN:672,initializePosition
FNDA:1,initializePosition
FN:707,collectFees
FNDA:1,collectFees
FN:765,rebalance
FNDA:1,rebalance
FN:792,_rebalanceRemoveFeeCollectBurn
FNDA:1,_rebalanceRemoveFeeCollectBurn
FN:865,_rebalanceMintNew
FNDA:0,_rebalanceMintNew
FN:913,transferOwnership
FNDA:0,transferOwnership
FN:921,acceptOwnership
FNDA:0,acceptOwnership
FN:929,setOperator
FNDA:0,setOperator
FN:935,setPaused
FNDA:1,setPaused
FN:941,pauseByGuardian
FNDA:0,pauseByGuardian
FN:947,setGuardian
FNDA:0,setGuardian
FN:953,setStrategy
FNDA:0,setStrategy
FN:959,setDexAdapter
FNDA:0,setDexAdapter
FN:965,proposePerformanceFee
FNDA:1,proposePerformanceFee
FN:978,applyPerformanceFee
FNDA:1,applyPerformanceFee
FN:986,sweepToken
FNDA:1,sweepToken
FN:996,setTwapSeconds
FNDA:1,setTwapSeconds
FN:1001,setMaxTwapDeviationTicks
FNDA:1,setMaxTwapDeviationTicks
FN:1006,setSlippageBps
FNDA:1,setSlippageBps
FN:1015,onERC721Received
FNDA:0,onERC721Received
FN:1026,_requireSpotNearTwap
FNDA:1,_requireSpotNearTwap
FN:1035,_isDepositAllowed
FNDA:1,_isDepositAllowed
FN:1048,_totalVaultValueInToken0
FNDA:1,_totalVaultValueInToken0
FN:1090,_computeRemoveSlippage
FNDA:1,_computeRemoveSlippage
FN:1119,_removeProportionalLiquidity
FNDA:1,_removeProportionalLiquidity
FN:1158,_executeSwap
FNDA:1,_executeSwap
FN:1181,_deductPerformanceFee
FNDA:1,_deductPerformanceFee
FN:1206,_safeDecimals
FNDA:1,_safeDecimals
FN:1220,_adapterSlot0
FNDA:0,_adapterSlot0
FN:1229,_adapterTickSpacing
FNDA:1,_adapterTickSpacing
FN:1234,_adapterPositions
FNDA:1,_adapterPositions
FN:1253,_delegateAdapter
FNDA:1,_delegateAdapter
FN:1266,_mintPosition
FNDA:1,_mintPosition
FN:1276,_decreaseLiquidity
FNDA:1,_decreaseLiquidity
FN:1288,_collect
FNDA:1,_collect
FN:1299,_burnPosition
FNDA:0,_burnPosition
FN:1305,_exactInputSingle
FNDA:1,_exactInputSingle
FN:1318,_strategyRange
FNDA:0,_strategyRange
end_of_record
SF:/home/manan/mezo-rebalance/src/VaultLens.sol
DA:34,0
DA:58,0
DA:59,0
DA:60,0
DA:61,0
DA:64,0
DA:65,0
DA:67,0
DA:74,0
DA:75,0
DA:76,0
DA:77,0
DA:78,0
DA:79,0
DA:80,0
DA:81,0
DA:82,0
DA:90,0
DA:91,0
DA:92,0
DA:98,0
DA:99,0
DA:100,0
DA:101,0
DA:103,0
DA:104,0
DA:105,0
DA:108,0
DA:109,0
DA:110,0
DA:111,0
DA:115,0
DA:116,0
DA:117,0
DA:118,0
DA:119,0
DA:120,0
DA:121,0
DA:127,0
DA:128,0
DA:129,0
DA:130,0
DA:132,0
DA:133,0
DA:136,0
DA:137,0
DA:141,0
DA:142,0
DA:143,0
DA:144,0
DA:151,0
DA:152,0
DA:154,0
DA:155,0
DA:156,0
DA:157,0
DA:160,0
DA:161,0
DA:162,0
DA:163,0
DA:164,0
DA:165,0
DA:178,0
DA:179,0
DA:180,0
DA:181,0
DA:182,0
DA:183,0
DA:184,0
DA:188,0
FN:58,sharePrice
FNDA:0,sharePrice
FN:72,getVaultMetrics
FNDA:0,getVaultMetrics
FN:88,getPoolState
FNDA:0,getPoolState
FN:96,getPosition
FNDA:0,getPosition
FN:115,isOutOfRange
FNDA:0,isOutOfRange
FN:125,computeRebalanceParams
FNDA:0,computeRebalanceParams
FN:171,_positions
FNDA:0,_positions
end_of_record
SF:/home/manan/mezo-rebalance/src/adapters/CLDexAdapter.sol
DA:13,1
DA:18,0
DA:19,0
DA:25,0
DA:26,0
DA:29,121
DA:30,121
DA:40,448940
DA:41,448940
DA:42,448940
DA:43,448940
DA:44,448940
DA:45,448940
DA:46,448940
DA:62,448940
DA:70,1
DA:71,1
DA:72,1
DA:73,1
DA:77,1
DA:78,1
DA:81,1
DA:83,1
DA:84,1
DA:85,1
DA:86,1
DA:87,1
DA:88,1
DA:89,1
DA:90,1
DA:91,1
DA:92,1
DA:93,1
DA:94,1
DA:101,112942
DA:103,112942
DA:105,112942
DA:106,112942
DA:107,112942
DA:108,112942
DA:109,112942
DA:116,112942
DA:118,112942
DA:120,112942
DA:121,112942
DA:122,112942
DA:123,112942
DA:129,0
DA:134,120
DA:135,120
DA:137,120
DA:139,120
DA:140,120
DA:141,120
DA:142,120
DA:143,120
DA:144,120
DA:145,120
DA:146,120
FN:16,slot0
FNDA:0,slot0
FN:22,observe
FNDA:0,observe
FN:29,tickSpacing
FNDA:1,tickSpacing
FN:33,positions
FNDA:1,positions
FN:65,mint
FNDA:1,mint
FN:99,decreaseLiquidity
FNDA:1,decreaseLiquidity
FN:114,collect
FNDA:1,collect
FN:128,burn
FNDA:0,burn
FN:132,exactInputSingle
FNDA:1,exactInputSingle
end_of_record
SF:/home/manan/mezo-rebalance/src/adapters/interfaces/IDexAdapter.sol
end_of_record
SF:/home/manan/mezo-rebalance/src/factory/VaultFactory.sol
DA:21,0
DA:22,0
DA:23,0
DA:25,0
DA:26,0
DA:27,0
DA:50,0
DA:51,0
DA:63,0
DA:64,0
DA:65,0
DA:66,0
DA:67,0
DA:69,0
DA:70,0
DA:71,0
DA:72,0
DA:83,0
DA:86,0
DA:87,0
DA:88,0
DA:89,0
DA:90,0
DA:91,0
DA:92,0
DA:109,0
DA:110,0
DA:113,0
DA:114,0
DA:115,0
DA:116,0
DA:117,0
DA:118,0
DA:119,0
DA:123,0
DA:125,0
DA:126,0
DA:128,0
DA:129,0
DA:130,0
DA:132,0
DA:133,0
DA:134,0
DA:135,0
DA:136,0
DA:137,0
DA:138,0
DA:141,0
DA:143,0
DA:147,0
DA:148,0
DA:149,0
DA:151,0
DA:155,0
DA:156,0
DA:157,0
DA:160,0
DA:161,0
DA:172,0
DA:173,0
DA:179,0
DA:180,0
DA:181,0
DA:182,0
DA:183,0
DA:184,0
DA:185,0
DA:186,0
DA:187,0
DA:188,0
DA:189,0
DA:194,0
DA:196,0
DA:197,0
DA:199,0
FN:75,deployVault
FNDA:0,deployVault
FN:96,deploySeedAndInitialize
FNDA:0,deploySeedAndInitialize
FN:146,pauseAll
FNDA:0,pauseAll
FN:154,setGuardian
FNDA:0,setGuardian
FN:160,vaultCount
FNDA:0,vaultCount
FN:164,_deploy
FNDA:0,_deploy
end_of_record
SF:/home/manan/mezo-rebalance/src/interfaces/INonfungiblePositionManager.sol
end_of_record
SF:/home/manan/mezo-rebalance/src/interfaces/IRebalancerVault.sol
end_of_record
SF:/home/manan/mezo-rebalance/src/interfaces/pool/ICLPool.sol
end_of_record
SF:/home/manan/mezo-rebalance/src/interfaces/pool/ICLPoolActions.sol
end_of_record
SF:/home/manan/mezo-rebalance/src/interfaces/pool/ICLPoolConstants.sol
end_of_record
SF:/home/manan/mezo-rebalance/src/interfaces/pool/ICLPoolDerivedState.sol
end_of_record
SF:/home/manan/mezo-rebalance/src/interfaces/pool/ICLPoolEvents.sol
end_of_record
SF:/home/manan/mezo-rebalance/src/interfaces/pool/ICLPoolOwnerActions.sol
end_of_record
SF:/home/manan/mezo-rebalance/src/interfaces/pool/ICLPoolState.sol
end_of_record
SF:/home/manan/mezo-rebalance/src/interfaces/router/ICLSwapCallback.sol
end_of_record
SF:/home/manan/mezo-rebalance/src/interfaces/router/ICLSwapRouter.sol
end_of_record
SF:/home/manan/mezo-rebalance/src/libraries/OracleLib.sol
DA:7,28
DA:13,884106
DA:14,884106
DA:16,884106
DA:17,884106
DA:18,884106
DA:19,884106
DA:21,884106
DA:22,884106
DA:28,612438
DA:29,612438
DA:35,612438
DA:36,612438
DA:44,191973
DA:45,191973
DA:46,191973
DA:47,191973
DA:48,0
DA:56,79695
DA:57,79695
DA:58,79695
DA:59,79695
DA:60,79695
DA:61,79695
FN:10,_twapAndSpot
FNDA:1,_twapAndSpot
FN:25,getTwapTick
FNDA:1,getTwapTick
FN:32,getTwapSqrtPrice
FNDA:1,getTwapSqrtPrice
FN:39,requireSpotNearTwap
FNDA:1,requireSpotNearTwap
FN:51,isDepositAllowed
FNDA:1,isDepositAllowed
end_of_record
SF:/home/manan/mezo-rebalance/src/libraries/VaultMath.sol
DA:8,28
DA:11,0
DA:12,0
DA:13,0
DA:14,0
DA:17,0
DA:18,0
DA:19,0
DA:25,276320
DA:26,276320
DA:27,276320
DA:30,335998
DA:39,120
DA:40,120
DA:41,120
DA:42,120
DA:51,0
DA:53,0
DA:54,0
DA:63,0
DA:65,0
DA:66,0
DA:67,0
DA:70,0
DA:71,0
DA:72,0
DA:75,0
DA:76,0
DA:77,0
DA:79,0
DA:80,0
DA:83,0
DA:85,0
DA:88,0
DA:90,0
DA:91,0
DA:92,0
DA:93,0
DA:96,0
DA:97,0
DA:98,0
DA:110,82083
DA:111,82083
DA:112,82083
DA:114,82083
DA:115,82083
DA:117,82083
DA:119,82083
DA:120,82083
DA:121,82083
DA:122,82083
DA:126,0
DA:127,0
DA:128,0
DA:129,0
DA:130,0
DA:133,0
DA:134,0
DA:135,0
DA:136,0
DA:142,82083
DA:143,82083
DA:144,82083
DA:147,82083
DA:148,82083
DA:149,82083
DA:150,82083
DA:159,120
DA:160,120
DA:161,0
DA:162,120
DA:165,120
DA:166,120
DA:167,120
FN:11,floor
FNDA:0,floor
FN:17,ceil
FNDA:0,ceil
FN:22,token1ToToken0
FNDA:1,token1ToToken0
FN:36,token0ToToken1
FNDA:1,token0ToToken1
FN:45,computeOptimalSwap
FNDA:0,computeOptimalSwap
FN:102,computeMintSlippage
FNDA:1,computeMintSlippage
FN:154,computeSwapMinOut
FNDA:1,computeSwapMinOut
end_of_record
SF:/home/manan/mezo-rebalance/src/libraries/VaultStorageLib.sol
DA:4,28
DA:36,2470192
DA:40,2470192
DA:42,2470192
DA:46,2470192
FN:36,STORAGE_SLOT
FNDA:1,STORAGE_SLOT
FN:45,get
FNDA:1,get
end_of_record
SF:/home/manan/mezo-rebalance/src/strategies/Strategy.sol
DA:8,0
DA:13,1
DA:14,1
DA:21,0
DA:22,0
DA:23,0
DA:33,0
DA:34,0
FN:18,computeRange
FNDA:0,computeRange
FN:27,computeOptimalSwap
FNDA:0,computeOptimalSwap
end_of_record
SF:/home/manan/mezo-rebalance/src/strategies/interfaces/IStrategy.sol
end_of_record
SF:/home/manan/mezo-rebalance/test/BaseTest.sol
DA:20,0
DA:21,0
DA:22,0
DA:23,0
DA:24,0
DA:25,0
DA:26,0
DA:40,0
DA:42,0
DA:46,0
DA:47,0
DA:48,0
DA:49,0
DA:52,0
DA:54,0
DA:55,0
DA:57,0
DA:59,0
DA:60,0
DA:61,0
DA:62,0
DA:63,0
DA:64,0
DA:65,0
DA:67,0
DA:69,0
DA:70,0
DA:71,0
DA:72,0
DA:74,0
DA:75,0
DA:77,0
DA:78,0
DA:84,0
DA:85,0
DA:86,0
DA:87,0
DA:88,0
DA:89,0
DA:90,0
DA:91,0
DA:92,0
DA:99,0
DA:102,0
DA:103,0
DA:104,0
DA:105,0
DA:106,0
DA:107,0
DA:114,0
DA:115,0
DA:116,0
DA:117,0
DA:122,0
DA:123,0
DA:124,0
DA:125,0
DA:126,0
DA:127,0
DA:131,0
DA:132,0
DA:133,0
DA:134,0
DA:143,0
DA:146,0
DA:147,0
FN:51,setUp
FNDA:0,setUp
FN:113,_fundActors
FNDA:0,_fundActors
FN:121,_approveAll
FNDA:0,_approveAll
FN:131,_initialDeposit
FNDA:0,_initialDeposit
FN:137,_initPosition
FNDA:0,_initPosition
end_of_record
SF:/home/manan/mezo-rebalance/test/fizz/Actor.sol
DA:4,0
DA:8,0
DA:15,3
DA:23,19467
DA:30,0
DA:33,0
DA:40,0
DA:42,0
DA:49,0
DA:51,0
DA:60,0
DA:61,0
FN:22,forceSendETH
FNDA:1,forceSendETH
FN:28,onFlashLoan
FNDA:0,onFlashLoan
FN:38,onERC721Received
FNDA:0,onERC721Received
FN:47,onERC1155Received
FNDA:0,onERC1155Received
FN:54,onERC1155BatchReceived
FNDA:0,onERC1155BatchReceived
end_of_record
SF:/home/manan/mezo-rebalance/test/fizz/Base.sol
DA:29,1
DA:31,3
DA:34,3
DA:35,3
DA:39,52
DA:40,11
DA:41,5
DA:42,20350
DA:49,18
DA:50,1
DA:66,0
DA:67,59173
DA:68,59173
DA:69,31877
DA:97,1
DA:98,1
DA:100,1
DA:103,1
DA:104,1
DA:107,1
DA:108,1
DA:109,1
DA:110,1
DA:111,1
DA:112,1
DA:113,1
DA:114,1
DA:116,1
DA:119,1
DA:120,1
DA:121,1
DA:123,1
DA:124,1
DA:125,1
DA:126,1
DA:129,1
DA:130,1
DA:135,1
DA:136,1
DA:142,1
DA:143,1
DA:144,1
DA:145,1
DA:146,1
DA:147,1
DA:148,1
DA:149,1
DA:150,1
DA:157,1
DA:161,1
DA:162,1
DA:169,1
DA:170,1
DA:171,1
DA:172,1
DA:173,1
DA:176,1
DA:180,1
DA:181,1
DA:183,4
DA:184,3
DA:185,3
DA:186,3
DA:187,3
DA:190,3
DA:191,3
DA:192,3
DA:193,3
DA:194,3
DA:195,3
DA:197,1
DA:203,204533
DA:204,204533
FN:94,setup
FNDA:1,setup
FN:179,setupActors
FNDA:1,setupActors
FN:203,toActor
FNDA:1,toActor
FN:208,toActorNotCurrent
FNDA:0,toActorNotCurrent
FN:217,sumActorsBalances
FNDA:0,sumActorsBalances
FN:224,sumActorsERC20Balances
FNDA:0,sumActorsERC20Balances
FN:233,skipBlocks
FNDA:0,skipBlocks
FN:238,skipTime
FNDA:0,skipTime
end_of_record
SF:/home/manan/mezo-rebalance/test/fizz/FoundryTester.sol
DA:9,0
DA:11,0
DA:12,0
DA:13,0
DA:16,0
FN:16,setUp
FNDA:0,setUp
FN:21,test_sequence
FNDA:0,test_sequence
end_of_record
SF:/home/manan/mezo-rebalance/test/fizz/FuzzTester.sol
DA:7,5852934
DA:8,1
end_of_record
SF:/home/manan/mezo-rebalance/test/fizz/Properties.sol
DA:8,1
end_of_record
SF:/home/manan/mezo-rebalance/test/fizz/Snapshots.sol
DA:7,1
FN:15,_takeSnapshot
FNDA:0,_takeSnapshot
FN:19,snapshotBefore
FNDA:0,snapshotBefore
FN:23,snapshotAfter
FNDA:0,snapshotAfter
end_of_record
SF:/home/manan/mezo-rebalance/test/fizz/handlers/Handlers.sol
DA:9,1
DA:13,17988
FN:12,setCurrentActor
FNDA:1,setCurrentActor
end_of_record
SF:/home/manan/mezo-rebalance/test/fizz/handlers/RebalancerVaultUpgradeableHandler.sol
DA:13,1
DA:18,20871
DA:19,20871
DA:20,20871
DA:21,20871
DA:22,20871
DA:27,20350
DA:28,20350
DA:29,20350
DA:33,18178
DA:34,18178
DA:35,18178
DA:36,18178
DA:37,18178
DA:38,18178
DA:39,18178
DA:43,17634
DA:44,17634
DA:45,17634
DA:46,17634
DA:47,17634
DA:51,18622
DA:52,18622
DA:53,18622
DA:54,12842
DA:55,12842
DA:60,17688
DA:61,17688
DA:62,17688
DA:63,12386
DA:67,19474
DA:68,19474
DA:69,19474
DA:70,13197
DA:71,13197
DA:76,17553
DA:77,17553
DA:78,17553
DA:79,11871
DA:85,18042
DA:86,8973
DA:87,9069
DA:88,18042
DA:89,18042
DA:94,18363
DA:95,18363
DA:96,18363
DA:104,17316
DA:105,17316
DA:106,17316
DA:107,17316
DA:108,17316
DA:116,18477
DA:117,18477
DA:118,18477
DA:119,18477
DA:120,18477
DA:124,17627
DA:125,17627
DA:126,17627
DA:127,17627
DA:128,17627
DA:132,19467
DA:133,19467
DA:134,19467
DA:140,18676
DA:141,18676
DA:142,13996
DA:143,11757
DA:144,9024
DA:145,6423
DA:146,4696
DA:147,2301
DA:153,59173
DA:157,35855
DA:161,36367
DA:165,43390
DA:169,44361
DA:174,37203
DA:178,36213
DA:183,4680
DA:184,4680
DA:185,3867
DA:186,3867
DA:187,3867
DA:192,2239
DA:196,2733
DA:197,2733
DA:198,2733
DA:202,2601
DA:206,1727
DA:207,1727
DA:212,2395
DA:213,2395
DA:218,2301
DA:219,2301
FN:17,rebalancerVaultUpgradeable_deposit_clamped
FNDA:1,rebalancerVaultUpgradeable_deposit_clamped
FN:26,rebalancerVaultUpgradeable_deposit_smallAmount
FNDA:1,rebalancerVaultUpgradeable_deposit_smallAmount
FN:32,rebalancerVaultUpgradeable_mint_clamped
FNDA:1,rebalancerVaultUpgradeable_mint_clamped
FN:42,rebalancerVaultUpgradeable_depositToken1_clamped
FNDA:1,rebalancerVaultUpgradeable_depositToken1_clamped
FN:50,rebalancerVaultUpgradeable_withdraw_clamped
FNDA:1,rebalancerVaultUpgradeable_withdraw_clamped
FN:59,rebalancerVaultUpgradeable_withdraw_full
FNDA:1,rebalancerVaultUpgradeable_withdraw_full
FN:66,rebalancerVaultUpgradeable_redeem_clamped
FNDA:1,rebalancerVaultUpgradeable_redeem_clamped
FN:75,rebalancerVaultUpgradeable_redeem_full
FNDA:1,rebalancerVaultUpgradeable_redeem_full
FN:82,rebalancerVaultUpgradeable_rebalance_clamped
FNDA:1,rebalancerVaultUpgradeable_rebalance_clamped
FN:92,rebalancerVaultUpgradeable_collectFees_clamped
[...]
FN:285,safeTransferFrom
FNDA:0,safeTransferFrom
FN:287,setApprovalForAll
FNDA:0,setApprovalForAll
FN:289,supportsInterface
FNDA:0,supportsInterface
FN:293,tokenByIndex
FNDA:0,tokenByIndex
FN:297,tokenOfOwnerByIndex
FNDA:0,tokenOfOwnerByIndex
FN:301,totalSupply
FNDA:0,totalSupply
FN:305,transferFrom
FNDA:0,transferFrom
end_of_record
SF:/home/manan/mezo-rebalance/test/unit/AdapterPlumbingTest.t.sol
DA:6,0
DA:8,0
DA:9,0
DA:10,0
DA:11,0
DA:13,0
DA:14,0
DA:15,0
DA:19,0
DA:20,0
DA:21,0
DA:22,0
DA:24,0
DA:25,0
DA:26,0
DA:30,0
DA:31,0
DA:32,0
DA:36,0
DA:37,0
DA:38,0
FN:7,test_setStrategy_ownerOnly
FNDA:0,test_setStrategy_ownerOnly
FN:18,test_setDexAdapter_ownerOnly
FNDA:0,test_setDexAdapter_ownerOnly
FN:29,test_setStrategy_zeroAddressReverts
FNDA:0,test_setStrategy_zeroAddressReverts
FN:35,test_setDexAdapter_zeroAddressReverts
FNDA:0,test_setDexAdapter_zeroAddressReverts
end_of_record
SF:/home/manan/mezo-rebalance/test/unit/AdminTest.t.sol
DA:8,0
DA:10,0
DA:11,0
DA:12,0
DA:16,0
DA:17,0
DA:18,0
DA:22,0
DA:23,0
DA:24,0
DA:28,0
DA:29,0
DA:30,0
DA:31,0
DA:37,0
DA:38,0
DA:39,0
DA:43,0
DA:44,0
DA:45,0
DA:46,0
DA:47,0
DA:51,0
DA:52,0
DA:53,0
DA:59,0
DA:60,0
DA:61,0
DA:65,0
DA:66,0
DA:67,0
DA:71,0
DA:72,0
DA:73,0
DA:79,0
DA:80,0
DA:81,0
DA:85,0
DA:86,0
DA:87,0
DA:91,0
DA:92,0
DA:93,0
DA:97,0
DA:98,0
DA:99,0
DA:103,0
DA:104,0
DA:105,0
DA:109,0
DA:110,0
DA:111,0
DA:115,0
DA:116,0
DA:117,0
DA:121,0
DA:122,0
DA:123,0
DA:127,0
DA:128,0
DA:129,0
DA:135,0
DA:136,0
DA:138,0
DA:139,0
DA:140,0
DA:142,0
DA:143,0
DA:147,0
DA:148,0
DA:149,0
DA:150,0
DA:154,0
DA:155,0
DA:156,0
DA:157,0
DA:158,0
DA:164,0
DA:165,0
DA:166,0
DA:170,0
DA:171,0
DA:172,0
DA:173,0
DA:174,0
DA:178,0
DA:179,0
DA:180,0
FN:9,test_setOperator_updatesOperator
FNDA:0,test_setOperator_updatesOperator
FN:15,test_setOperator_nonOwnerReverts
FNDA:0,test_setOperator_nonOwnerReverts
FN:21,test_setOperator_zeroAddressReverts
FNDA:0,test_setOperator_zeroAddressReverts
FN:27,test_setOperator_emitsEvent
FNDA:0,test_setOperator_emitsEvent
FN:36,test_setPaused_ownerCanPause
FNDA:0,test_setPaused_ownerCanPause
FN:42,test_setPaused_ownerCanUnpause
FNDA:0,test_setPaused_ownerCanUnpause
FN:50,test_setPaused_nonOwnerReverts
FNDA:0,test_setPaused_nonOwnerReverts
FN:58,test_setGuardian_updatesGuardian
FNDA:0,test_setGuardian_updatesGuardian
FN:64,test_setGuardian_nonOwnerReverts
FNDA:0,test_setGuardian_nonOwnerReverts
FN:70,test_setGuardian_zeroAddressReverts
FNDA:0,test_setGuardian_zeroAddressReverts
FN:78,test_setTwapSeconds_updatesValue
FNDA:0,test_setTwapSeconds_updatesValue
FN:84,test_setTwapSeconds_belowMinimumReverts
FNDA:0,test_setTwapSeconds_belowMinimumReverts
FN:90,test_setTwapSeconds_nonOwnerReverts
FNDA:0,test_setTwapSeconds_nonOwnerReverts
FN:96,test_setMaxTwapDeviationTicks_updatesValue
FNDA:0,test_setMaxTwapDeviationTicks_updatesValue
FN:102,test_setMaxTwapDeviationTicks_zeroReverts
FNDA:0,test_setMaxTwapDeviationTicks_zeroReverts
FN:108,test_setMaxTwapDeviationTicks_over1000Reverts
FNDA:0,test_setMaxTwapDeviationTicks_over1000Reverts
FN:114,test_setSlippageBps_updatesValue
FNDA:0,test_setSlippageBps_updatesValue
FN:120,test_setSlippageBps_over500Reverts
FNDA:0,test_setSlippageBps_over500Reverts
FN:126,test_setSlippageBps_nonOwnerReverts
FNDA:0,test_setSlippageBps_nonOwnerReverts
FN:134,test_sweepToken_transfersNonPoolToken
FNDA:0,test_sweepToken_transfersNonPoolToken
FN:146,test_sweepToken_zeroBalanceReverts
FNDA:0,test_sweepToken_zeroBalanceReverts
FN:153,test_sweepToken_zeroToReverts
FNDA:0,test_sweepToken_zeroToReverts
FN:163,test_transferOwnership_sameOwnerReverts
FNDA:0,test_transferOwnership_sameOwnerReverts
FN:169,test_acceptOwnership_wrongCallerReverts
FNDA:0,test_acceptOwnership_wrongCallerReverts
FN:177,test_transferOwnership_nonOwnerReverts
FNDA:0,test_transferOwnership_nonOwnerReverts
end_of_record
SF:/home/manan/mezo-rebalance/test/unit/BeaconProxyTest.t.sol
DA:7,0
DA:23,0
DA:25,0
DA:26,0
DA:27,0
DA:28,0
DA:29,0
DA:30,0
DA:33,0
DA:34,0
DA:35,0
DA:37,0
DA:38,0
DA:39,0
DA:41,0
DA:42,0
DA:44,0
DA:46,0
DA:49,0
DA:51,0
DA:53,0
DA:54,0
DA:55,0
DA:56,0
DA:57,0
DA:58,0
DA:59,0
DA:60,0
DA:66,0
DA:70,0
DA:76,0
DA:80,0
DA:81,0
DA:85,0
DA:86,0
DA:90,0
DA:91,0
DA:92,0
DA:98,0
DA:99,0
DA:103,0
DA:104,0
DA:108,0
DA:109,0
DA:111,0
DA:112,0
DA:116,0
DA:117,0
DA:119,0
DA:120,0
DA:126,0
DA:128,0
DA:129,0
DA:131,0
DA:133,0
DA:137,0
DA:139,0
DA:140,0
DA:141,0
DA:143,0
DA:144,0
DA:145,0
DA:149,0
DA:150,0
DA:151,0
DA:153,0
DA:154,0
DA:155,0
DA:157,0
DA:163,0
DA:164,0
DA:166,0
DA:167,0
DA:168,0
DA:172,0
DA:173,0
DA:174,0
DA:178,0
DA:179,0
DA:180,0
DA:186,0
DA:187,0
DA:188,0
DA:190,0
DA:191,0
DA:192,0
DA:196,0
DA:197,0
DA:198,0
DA:202,0
DA:203,0
DA:204,0
DA:206,0
DA:207,0
DA:209,0
DA:210,0
DA:214,0
DA:215,0
DA:216,0
DA:217,0
DA:223,0
DA:224,0
DA:228,0
DA:229,0
DA:233,0
DA:234,0
DA:238,0
DA:239,0
DA:243,0
DA:244,0
DA:245,0
DA:246,0
FN:20,setUp
FNDA:0,setUp
FN:65,test_beacon_initialImplementation
FNDA:0,test_beacon_initialImplementation
FN:69,test_beacon_ownerIsFactoryOwner
FNDA:0,test_beacon_ownerIsFactoryOwner
FN:75,test_registry_vaultCount
FNDA:0,test_registry_vaultCount
FN:79,test_registry_vaultForMapping
FNDA:0,test_registry_vaultForMapping
FN:84,test_registry_allVaultsOrdered
FNDA:0,test_registry_allVaultsOrdered
FN:89,test_registry_duplicateVaultReverts
FNDA:0,test_registry_duplicateVaultReverts
FN:97,test_storage_proxiesHaveIndependentNames
FNDA:0,test_storage_proxiesHaveIndependentNames
FN:102,test_storage_proxiesHaveIndependentStrategies
FNDA:0,test_storage_proxiesHaveIndependentStrategies
FN:107,test_storage_depositOnlyAffectsTargetVault
FNDA:0,test_storage_depositOnlyAffectsTargetVault
FN:115,test_storage_sharesAreIndependent
FNDA:0,test_storage_sharesAreIndependent
FN:125,test_sharedImpl_upgrade_affectsBothProxies
FNDA:0,test_sharedImpl_upgrade_affectsBothProxies
FN:136,test_sharedImpl_onlyOwnerCanUpgrade
FNDA:0,test_sharedImpl_onlyOwnerCanUpgrade
FN:148,test_sharedImpl_upgradePreservesVaultStorage
FNDA:0,test_sharedImpl_upgradePreservesVaultStorage
FN:162,test_deployVault_onlyOwner
FNDA:0,test_deployVault_onlyOwner
FN:171,test_deployVault_zeroPoolReverts
FNDA:0,test_deployVault_zeroPoolReverts
FN:177,test_deployVault_zeroStrategyReverts
FNDA:0,test_deployVault_zeroStrategyReverts
FN:185,test_guardian_setGuardianOwnerOnly
FNDA:0,test_guardian_setGuardianOwnerOnly
FN:195,test_guardian_setGuardianZeroReverts
FNDA:0,test_guardian_setGuardianZeroReverts
FN:201,test_guardian_pauseAllGuardianOnly
FNDA:0,test_guardian_pauseAllGuardianOnly
FN:213,test_guardian_pauseAllEmitsEvent
FNDA:0,test_guardian_pauseAllEmitsEvent
FN:222,test_constructor_zeroPositionManagerReverts
FNDA:0,test_constructor_zeroPositionManagerReverts
FN:227,test_constructor_zeroSwapRouterReverts
FNDA:0,test_constructor_zeroSwapRouterReverts
FN:232,test_constructor_zeroDexAdapterReverts
FNDA:0,test_constructor_zeroDexAdapterReverts
FN:237,test_constructor_zeroGuardianReverts
FNDA:0,test_constructor_zeroGuardianReverts
FN:242,test_constructor_immutablesSet
FNDA:0,test_constructor_immutablesSet
end_of_record
SF:/home/manan/mezo-rebalance/test/unit/CLDexAdapterTest.t.sol
DA:9,0
DA:12,0
DA:13,0
DA:16,0
DA:17,0
DA:18,0
DA:19,0
DA:20,0
DA:24,0
DA:25,0
DA:26,0
DA:30,0
DA:34,0
DA:35,0
DA:36,0
DA:37,0
FN:15,setUp
FNDA:0,setUp
FN:23,test_slot0_read
FNDA:0,test_slot0_read
FN:29,test_tickSpacing_read
FNDA:0,test_tickSpacing_read
FN:33,test_observe_read
FNDA:0,test_observe_read
end_of_record
SF:/home/manan/mezo-rebalance/test/unit/DepositWithdrawTest.t.sol
DA:6,0
DA:12,0
DA:13,0
DA:17,0
DA:19,0
DA:20,0
DA:21,0
DA:22,0
DA:23,0
DA:24,0
DA:25,0
DA:26,0
DA:30,0
DA:31,0
DA:32,0
DA:33,0
DA:34,0
DA:35,0
DA:36,0
DA:37,0
DA:38,0
DA:42,0
DA:43,0
DA:44,0
DA:45,0
DA:49,0
DA:50,0
DA:51,0
DA:52,0
DA:53,0
DA:57,0
DA:58,0
DA:59,0
DA:60,0
DA:61,0
DA:66,0
DA:67,0
DA:68,0
DA:69,0
DA:70,0
DA:71,0
DA:74,0
DA:75,0
DA:76,0
DA:78,0
DA:79,0
DA:81,0
DA:82,0
DA:86,0
DA:87,0
DA:88,0
DA:89,0
DA:93,0
DA:94,0
DA:95,0
DA:96,0
DA:100,0
DA:101,0
DA:102,0
DA:103,0
DA:104,0
DA:108,0
DA:109,0
DA:110,0
DA:111,0
DA:112,0
DA:113,0
DA:117,0
DA:118,0
DA:119,0
DA:121,0
DA:122,0
DA:124,0
DA:125,0
DA:126,0
DA:129,0
DA:130,0
DA:131,0
DA:133,0
DA:137,0
DA:138,0
DA:139,0
DA:140,0
DA:144,0
DA:145,0
DA:147,0
DA:148,0
DA:149,0
DA:151,0
DA:155,0
DA:156,0
DA:157,0
DA:158,0
DA:162,0
DA:163,0
DA:164,0
DA:165,0
DA:166,0
DA:170,0
DA:171,0
DA:172,0
DA:173,0
DA:174,0
DA:178,0
DA:179,0
DA:180,0
DA:181,0
DA:182,0
DA:183,0
DA:187,0
DA:188,0
DA:190,0
DA:191,0
DA:193,0
DA:194,0
DA:196,0
DA:197,0
DA:201,0
DA:202,0
DA:203,0
DA:204,0
DA:208,0
DA:209,0
DA:211,0
DA:212,0
DA:214,0
DA:218,0
DA:219,0
DA:221,0
DA:222,0
DA:224,0
DA:228,0
DA:229,0
DA:230,0
DA:232,0
DA:233,0
DA:234,0
DA:236,0
FN:10,setUp
FNDA:0,setUp
FN:16,test_previewDeposit
FNDA:0,test_previewDeposit
FN:29,test_previewMint
FNDA:0,test_previewMint
FN:41,test_convertToShares_roundtrip
FNDA:0,test_convertToShares_roundtrip
FN:48,test_depositToken1_pausedReverts
FNDA:0,test_depositToken1_pausedReverts
FN:56,test_depositToken1_sameBlockWithdrawBlocked
FNDA:0,test_depositToken1_sameBlockWithdrawBlocked
FN:64,test_depositToken1_shareAccounting
FNDA:0,test_depositToken1_shareAccounting
FN:85,test_withdraw_zeroAmountReverts
FNDA:0,test_withdraw_zeroAmountReverts
FN:92,test_withdraw_zeroReceiverReverts
FNDA:0,test_withdraw_zeroReceiverReverts
FN:99,test_withdraw_exceedsMaxReverts
FNDA:0,test_withdraw_exceedsMaxReverts
FN:107,test_withdraw_pausedReverts
FNDA:0,test_withdraw_pausedReverts
FN:116,test_withdraw_thirdPartyWithAllowance
FNDA:0,test_withdraw_thirdPartyWithAllowance
FN:136,test_withdraw_thirdPartyWithoutAllowanceReverts
FNDA:0,test_withdraw_thirdPartyWithoutAllowanceReverts
FN:143,test_withdraw_withPosition_removesLiquidity
FNDA:0,test_withdraw_withPosition_removesLiquidity
FN:154,test_redeem_zeroSharesReverts
FNDA:0,test_redeem_zeroSharesReverts
FN:161,test_redeem_zeroReceiverReverts
FNDA:0,test_redeem_zeroReceiverReverts
FN:169,test_redeem_exceedsMaxReverts
FNDA:0,test_redeem_exceedsMaxReverts
FN:177,test_redeem_pausedReverts
FNDA:0,test_redeem_pausedReverts
FN:186,test_redeem_thirdPartyWithAllowance
FNDA:0,test_redeem_thirdPartyWithAllowance
FN:200,test_redeem_thirdPartyWithoutAllowanceReverts
FNDA:0,test_redeem_thirdPartyWithoutAllowanceReverts
FN:207,test_redeem_returnsCorrectAssets
FNDA:0,test_redeem_returnsCorrectAssets
FN:217,test_redeem_fullRedemptionLeavesOnlyDeadShares
FNDA:0,test_redeem_fullRedemptionLeavesOnlyDeadShares
FN:227,test_redeem_withPosition_transfersToken0AndToken1
FNDA:0,test_redeem_withPosition_transfersToken0AndToken1
end_of_record
SF:/home/manan/mezo-rebalance/test/unit/EdgeCaseTest.t.sol
DA:7,0
DA:13,0
DA:14,0
DA:18,0
DA:20,0
DA:21,0
DA:22,0
DA:25,0
DA:26,0
DA:27,0
DA:31,0
DA:33,0
DA:34,0
DA:35,0
DA:36,0
DA:37,0
DA:41,0
DA:42,0
DA:43,0
DA:45,0
DA:46,0
DA:52,0
DA:53,0
DA:54,0
DA:56,0
DA:57,0
DA:58,0
DA:60,0
FN:11,setUp
FNDA:0,setUp
FN:17,test_extremeVolatility
FNDA:0,test_extremeVolatility
FN:30,test_lowLiquidity
FNDA:0,test_lowLiquidity
FN:40,test_gas_depositUnderCeiling
FNDA:0,test_gas_depositUnderCeiling
FN:51,test_failedRebalance
FNDA:0,test_failedRebalance
end_of_record
SF:/home/manan/mezo-rebalance/test/unit/FixedWidthStrategyTest.t.sol
DA:8,0
end_of_record
SF:/home/manan/mezo-rebalance/test/unit/InitializeTest.t.sol
DA:6,0
end_of_record
SF:/home/manan/mezo-rebalance/test/unit/OracleLibTest.t.sol
DA:9,0
DA:11,0
DA:12,0
DA:15,0
DA:16,0
DA:17,0
DA:18,0
DA:23,0
DA:27,0
DA:31,0
DA:36,0
DA:37,0
FN:14,setUp
FNDA:0,setUp
FN:21,test_getTwapTick_matchesSpotWhenFlat
FNDA:0,test_getTwapTick_matchesSpotWhenFlat
FN:26,test_isDepositAllowed_trueWhenFlatNotPaused
FNDA:0,test_isDepositAllowed_trueWhenFlatNotPaused
FN:30,test_isDepositAllowed_falseWhenPaused
FNDA:0,test_isDepositAllowed_falseWhenPaused
FN:34,test_getTwapSqrtPrice_matchesTickMathAtTwapTick
FNDA:0,test_getTwapSqrtPrice_matchesTickMathAtTwapTick
end_of_record
SF:/home/manan/mezo-rebalance/test/unit/PositionTest.t.sol
DA:7,0
DA:13,0
DA:14,0
DA:20,0
DA:21,0
DA:22,0
DA:28,0
DA:29,0
DA:31,0
DA:32,0
DA:33,0
DA:36,0
DA:40,0
DA:41,0
DA:43,0
DA:44,0
DA:45,0
DA:47,0
DA:51,0
DA:52,0
DA:53,0
DA:54,0
DA:55,0
DA:57,0
DA:58,0
DA:59,0
DA:61,0
DA:62,0
DA:63,0
DA:65,0
DA:71,0
DA:72,0
DA:73,0
DA:75,0
DA:76,0
DA:78,0
DA:82,0
DA:83,0
DA:84,0
DA:86,0
DA:87,0
DA:90,0
DA:94,0
DA:95,0
DA:97,0
DA:99,0
DA:100,0
DA:102,0
DA:103,0
DA:107,0
DA:108,0
DA:110,0
DA:111,0
DA:112,0
DA:113,0
DA:116,0
DA:117,0
FN:11,setUp
FNDA:0,setUp
FN:19,test_position_initWithToken1AlsoWorks
FNDA:0,test_position_initWithToken1AlsoWorks
FN:27,test_position_collectFees_increasesFees0Earned
FNDA:0,test_position_collectFees_increasesFees0Earned
FN:39,test_position_collectFees_increasesFees1Earned
FNDA:0,test_position_collectFees_increasesFees1Earned
FN:50,test_position_collectFees_zeroFeesBpsSkipsFeeTransfer
FNDA:0,test_position_collectFees_zeroFeesBpsSkipsFeeTransfer
FN:70,test_position_rebalanceChangesTokenId
FNDA:0,test_position_rebalanceChangesTokenId
FN:81,test_position_rebalancePreservesApproximateTotalAssets
FNDA:0,test_position_rebalancePreservesApproximateTotalAssets
FN:93,test_position_rebalanceWithFees_accumulates
FNDA:0,test_position_rebalanceWithFees_accumulates
FN:106,test_position_multipleRebalancesAccumulateFees
FNDA:0,test_position_multipleRebalancesAccumulateFees
end_of_record
SF:/home/manan/mezo-rebalance/test/unit/VaultLensTest.t.sol
DA:7,0
DA:15,0
DA:16,0
DA:22,0
DA:26,0
DA:27,0
DA:29,0
DA:35,0
DA:36,0
DA:37,0
DA:38,0
DA:39,0
DA:40,0
DA:42,0
DA:43,0
DA:47,0
DA:48,0
DA:50,0
DA:51,0
DA:52,0
DA:58,0
DA:59,0
DA:60,0
DA:66,0
DA:67,0
DA:71,0
DA:72,0
DA:74,0
DA:75,0
DA:76,0
DA:77,0
DA:78,0
DA:84,0
DA:85,0
DA:87,0
DA:91,0
DA:92,0
DA:94,0
DA:95,0
DA:101,0
DA:102,0
DA:106,0
DA:107,0
DA:109,0
DA:112,0
DA:113,0
DA:118,0
DA:119,0
DA:120,0
FN:13,setUp
FNDA:0,setUp
FN:21,test_sharePrice_zeroBeforeDeposit
FNDA:0,test_sharePrice_zeroBeforeDeposit
FN:25,test_sharePrice_oneToOneAfterFirstDeposit
FNDA:0,test_sharePrice_oneToOneAfterFirstDeposit
FN:34,test_getVaultMetrics_initialState
FNDA:0,test_getVaultMetrics_initialState
FN:46,test_getVaultMetrics_afterPositionInit
FNDA:0,test_getVaultMetrics_afterPositionInit
FN:57,test_getPoolState_matchesPool
FNDA:0,test_getPoolState_matchesPool
FN:65,test_getPosition_revertsWithNoPosition
FNDA:0,test_getPosition_revertsWithNoPosition
FN:70,test_getPosition_afterInit
FNDA:0,test_getPosition_afterInit
FN:83,test_isOutOfRange_falseWhenInRange
FNDA:0,test_isOutOfRange_falseWhenInRange
FN:90,test_isOutOfRange_trueWhenPriceMovesBeyondUpper
FNDA:0,test_isOutOfRange_trueWhenPriceMovesBeyondUpper
FN:100,test_computeRebalanceParams_revertsWithNoPosition
FNDA:0,test_computeRebalanceParams_revertsWithNoPosition
FN:105,test_computeRebalanceParams_returnsValidDirection
FNDA:0,test_computeRebalanceParams_returnsValidDirection
FN:118,_defaultRange
FNDA:0,_defaultRange
end_of_record
SF:/home/manan/mezo-rebalance/test/unit/VaultLifecycleTest.t.sol
DA:7,0
DA:13,0
DA:14,0
DA:20,0
DA:21,0
DA:22,0
DA:24,0
DA:25,0
DA:26,0
DA:30,0
DA:31,0
DA:32,0
DA:36,0
DA:37,0
DA:38,0
DA:42,0
DA:44,0
DA:45,0
DA:47,0
DA:48,0
DA:52,0
DA:53,0
DA:58,0
DA:59,0
DA:61,0
DA:62,0
DA:63,0
DA:64,0
DA:70,0
DA:71,0
DA:73,0
DA:74,0
DA:75,0
DA:81,0
DA:82,0
DA:83,0
DA:87,0
DA:88,0
DA:89,0
DA:93,0
DA:94,0
DA:95,0
DA:96,0
DA:97,0
DA:98,0
DA:102,0
DA:103,0
DA:104,0
DA:105,0
DA:111,0
DA:112,0
DA:113,0
DA:114,0
DA:115,0
DA:119,0
DA:120,0
DA:121,0
DA:125,0
DA:126,0
DA:128,0
DA:130,0
DA:131,0
DA:132,0
DA:135,0
DA:141,0
DA:142,0
DA:143,0
DA:145,0
DA:146,0
DA:148,0
DA:149,0
DA:153,0
DA:154,0
DA:156,0
DA:157,0
DA:158,0
DA:159,0
DA:161,0
DA:167,0
DA:168,0
DA:170,0
DA:171,0
DA:173,0
DA:174,0
DA:177,0
DA:178,0
DA:179,0
DA:184,0
DA:185,0
DA:187,0
DA:188,0
DA:190,0
DA:191,0
DA:197,0
DA:198,0
DA:199,0
DA:201,0
DA:202,0
DA:203,0
DA:207,0
DA:208,0
DA:209,0
DA:210,0
DA:211,0
DA:213,0
DA:214,0
DA:218,0
DA:219,0
DA:220,0
DA:221,0
DA:222,0
DA:226,0
DA:227,0
DA:228,0
DA:232,0
DA:233,0
DA:234,0
FN:11,setUp
FNDA:0,setUp
FN:19,test_deposit_firstDepositMintsDeadShares
FNDA:0,test_deposit_firstDepositMintsDeadShares
FN:29,test_deposit_belowDeadSharesReverts
FNDA:0,test_deposit_belowDeadSharesReverts
FN:35,test_deposit_zeroAmountReverts
FNDA:0,test_deposit_zeroAmountReverts
FN:41,test_deposit_secondDepositorGetsProportionalShares
FNDA:0,test_deposit_secondDepositorGetsProportionalShares
FN:57,test_depositToken1_mintsSharesPricedViaTwap
FNDA:0,test_depositToken1_mintsSharesPricedViaTwap
FN:69,test_withdraw_sameBlockReverts
FNDA:0,test_withdraw_sameBlockReverts
FN:80,test_initializePosition_ownerOnly
FNDA:0,test_initializePosition_ownerOnly
FN:86,test_initializePosition_setsTokenId
FNDA:0,test_initializePosition_setsTokenId
FN:92,test_initializePosition_cannotReinitialize
FNDA:0,test_initializePosition_cannotReinitialize
FN:101,test_initializePosition_invalidRangeReverts
FNDA:0,test_initializePosition_invalidRangeReverts
FN:110,test_collectFees_operatorOnly
FNDA:0,test_collectFees_operatorOnly
FN:118,test_collectFees_requiresPosition
FNDA:0,test_collectFees_requiresPosition
FN:124,test_collectFees_deductsFeeToRecipient
FNDA:0,test_collectFees_deductsFeeToRecipient
FN:140,test_rebalance_mintsNewPosition
FNDA:0,test_rebalance_mintsNewPosition
FN:152,test_rebalance_incrementsRebalanceCount
FNDA:0,test_rebalance_incrementsRebalanceCount
FN:166,test_withdraw_returnsToken0
FNDA:0,test_withdraw_returnsToken0
FN:183,test_redeem_burnsSharesToTokens
FNDA:0,test_redeem_burnsSharesToTokens
FN:196,test_transferOwnership_twoStep
FNDA:0,test_transferOwnership_twoStep
FN:206,test_proposeAndApplyPerformanceFee
FNDA:0,test_proposeAndApplyPerformanceFee
FN:217,test_performanceFee_timelockEnforced
FNDA:0,test_performanceFee_timelockEnforced
FN:225,test_sweepToken_revertsForPoolTokens
FNDA:0,test_sweepToken_revertsForPoolTokens
FN:231,test_pauseByGuardian
FNDA:0,test_pauseByGuardian
end_of_record
SF:/home/manan/mezo-rebalance/test/unit/VaultMathTest.t.sol
DA:13,0
DA:14,0
DA:15,0
DA:17,0
DA:18,0
DA:20,0
DA:21,0
DA:23,0
DA:24,0
DA:28,0
DA:29,0
DA:33,0
DA:34,0
DA:38,0
DA:39,0
DA:43,0
DA:44,0
DA:48,0
DA:52,0
DA:53,0
DA:54,0
DA:57,0
DA:61,0
DA:64,0
DA:67,0
DA:70,0
DA:74,0
DA:75,0
DA:78,0
DA:79,0
DA:82,0
DA:87,0
DA:88,0
DA:89,0
DA:90,0
DA:91,0
DA:96,0
DA:97,0
DA:98,0
DA:99,0
DA:100,0
DA:106,0
DA:108,0
DA:109,0
DA:110,0
DA:117,0
DA:118,0
DA:119,0
DA:120,0
DA:121,0
DA:122,0
DA:123,0
DA:124,0
DA:126,0
DA:127,0
DA:132,0
DA:133,0
DA:134,0
DA:135,0
DA:136,0
DA:137,0
DA:138,0
DA:139,0
DA:144,0
DA:145,0
DA:146,0
DA:148,0
DA:149,0
DA:151,0
FN:14,floor
FNDA:0,floor
FN:17,ceil
FNDA:0,ceil
FN:20,token1ToToken0
FNDA:0,token1ToToken0
FN:23,token0ToToken1
FNDA:0,token0ToToken1
FN:26,computeOptimalSwap
FNDA:0,computeOptimalSwap
FN:31,amountsForLiquidity
FNDA:0,amountsForLiquidity
FN:36,computeMintSlippage
FNDA:0,computeMintSlippage
FN:41,computeSwapMinOut
FNDA:0,computeSwapMinOut
FN:56,setUp
FNDA:0,setUp
FN:60,test_floor_positive
FNDA:0,test_floor_positive
FN:63,test_floor_negativeNonMultiple
FNDA:0,test_floor_negativeNonMultiple
FN:66,test_ceil_positiveNonMultiple
FNDA:0,test_ceil_positiveNonMultiple
FN:69,test_ceil_exactMultipleUnchanged
FNDA:0,test_ceil_exactMultipleUnchanged
FN:73,test_token1ToToken0_roundtripApprox
FNDA:0,test_token1ToToken0_roundtripApprox
FN:77,test_token1ToToken0_zeroPriceReverts
FNDA:0,test_token1ToToken0_zeroPriceReverts
FN:81,test_token0ToToken1_nonZero
FNDA:0,test_token0ToToken1_nonZero
FN:86,test_computeOptimalSwap_belowRange_swapsToken1
FNDA:0,test_computeOptimalSwap_belowRange_swapsToken1
FN:95,test_computeOptimalSwap_aboveRange_swapsToken0
FNDA:0,test_computeOptimalSwap_aboveRange_swapsToken0
FN:104,test_computeMintSlippage_appliesFloor
FNDA:0,test_computeMintSlippage_appliesFloor
FN:115,test_computeOptimalSwap_inRange_oneSided_swapsPartNotAll
FNDA:0,test_computeOptimalSwap_inRange_oneSided_swapsPartNotAll
FN:131,test_computeOptimalSwap_inRange_oneSidedToken1
FNDA:0,test_computeOptimalSwap_inRange_oneSidedToken1
FN:143,test_computeOptimalSwap_inRange_balanced_swapsNearZero
FNDA:0,test_computeOptimalSwap_inRange_balanced_swapsNearZero
end_of_record
